Log file open, 08/10/19 14:32:12
LogWindows: Failed to load 'aqProf.dll' (GetLastError=126)
LogWindows: File 'aqProf.dll' does not exist
LogWindows: Failed to load 'VtuneApi.dll' (GetLastError=126)
LogWindows: File 'VtuneApi.dll' does not exist
LogWindows: Failed to load 'VtuneApi32e.dll' (GetLastError=126)
LogWindows: File 'VtuneApi32e.dll' does not exist
LogConsoleResponse: Display: Failed to find resolution value strings in scalability ini. Falling back to default.
LogInit: Display: Running engine for game: Howext
LogPakFile: Registered encryption key '00000000000000000000000000000000': 0 pak files mounted, 0 remain pending
LogPlatformFile: Not using cached read wrapper
LogTaskGraph: Started task graph with 5 named threads and 23 total threads with 3 sets of task threads.
LogStats: Stats thread started at 0.271329
LogD3D11RHI: Loaded GFSDK_Aftermath_Lib.x64.dll
LogICUInternationalization: ICU TimeZone Detection - Raw Offset: +8:00, Platform Override: ''
LogPluginManager: Mounting plugin Paper2D
LogPluginManager: Mounting plugin AISupport
LogPluginManager: Mounting plugin LightPropagationVolume
LogPluginManager: Mounting plugin ActorLayerUtilities
LogPluginManager: Mounting plugin AnimationSharing
LogPluginManager: Mounting plugin CLionSourceCodeAccess
LogPluginManager: Mounting plugin CodeLiteSourceCodeAccess
LogPluginManager: Mounting plugin GitSourceControl
LogPluginManager: Mounting plugin KDevelopSourceCodeAccess
LogPluginManager: Mounting plugin NullSourceCodeAccess
LogPluginManager: Mounting plugin PerforceSourceControl
LogPluginManager: Mounting plugin SubversionSourceControl
LogPluginManager: Mounting plugin UObjectPlugin
LogPluginManager: Mounting plugin VisualStudioCodeSourceCodeAccess
LogPluginManager: Mounting plugin VisualStudioSourceCodeAccess
LogPluginManager: Mounting plugin XCodeSourceCodeAccess
LogPluginManager: Mounting plugin AssetManagerEditor
LogPluginManager: Mounting plugin CryptoKeys
LogPluginManager: Mounting plugin DataValidation
LogPluginManager: Mounting plugin FacialAnimation
LogPluginManager: Mounting plugin GameplayTagsEditor
LogPluginManager: Mounting plugin MacGraphicsSwitching
LogPluginManager: Mounting plugin MaterialAnalyzer
LogPluginManager: Mounting plugin MobileLauncherProfileWizard
LogPluginManager: Mounting plugin PluginBrowser
LogPluginManager: Mounting plugin SpeedTreeImporter
LogPluginManager: Mounting plugin DatasmithContent
LogPluginManager: Mounting plugin VariantManagerContent
LogPluginManager: Mounting plugin AlembicImporter
LogPluginManager: Mounting plugin AppleImageUtils
LogPluginManager: Mounting plugin AppleVision
LogPluginManager: Mounting plugin BackChannel
LogPluginManager: Mounting plugin CharacterAI
LogPluginManager: Mounting plugin GeometryCache
LogPluginManager: Mounting plugin HTML5Networking
LogPluginManager: Mounting plugin ProxyLODPlugin
LogPluginManager: Mounting plugin SkeletalReduction
LogPluginManager: Mounting plugin MagicLeap
LogPluginManager: Mounting plugin MagicLeapMedia
LogPluginManager: Mounting plugin AndroidMedia
LogPluginManager: Mounting plugin AvfMedia
LogPluginManager: Mounting plugin ImgMedia
LogPluginManager: Mounting plugin LinearTimecode
LogPluginManager: Mounting plugin MediaCompositing
LogPluginManager: Mounting plugin MediaPlayerEditor
LogPluginManager: Mounting plugin WebMMedia
LogPluginManager: Mounting plugin WmfMedia
LogPluginManager: Mounting plugin TcpMessaging
LogPluginManager: Mounting plugin UdpMessaging
LogPluginManager: Mounting plugin ActorSequence
LogPluginManager: Mounting plugin LevelSequenceEditor
LogPluginManager: Mounting plugin MatineeToLevelSequence
LogPluginManager: Mounting plugin NetcodeUnitTest
LogPluginManager: Mounting plugin NUTUnrealEngine4
LogPluginManager: Mounting plugin OnlineSubsystemGooglePlay
LogPluginManager: Mounting plugin OnlineSubsystemIOS
LogPluginManager: Mounting plugin OnlineSubsystem
LogPluginManager: Mounting plugin OnlineSubsystemNull
LogPluginManager: Mounting plugin OnlineSubsystemUtils
LogPluginManager: Mounting plugin LauncherChunkInstaller
LogPluginManager: Mounting plugin AndroidDeviceProfileSelector
LogPluginManager: Mounting plugin AndroidMoviePlayer
LogPluginManager: Mounting plugin AndroidPermission
LogPluginManager: Mounting plugin AppleMoviePlayer
LogPluginManager: Mounting plugin ArchVisCharacter
LogPluginManager: Mounting plugin AudioCapture
LogPluginManager: Mounting plugin CableComponent
LogPluginManager: Mounting plugin CustomMeshComponent
LogPluginManager: Mounting plugin EditableMesh
LogPluginManager: Mounting plugin ExampleDeviceProfileSelector
LogPluginManager: Mounting plugin Firebase
LogPluginManager: Mounting plugin GoogleCloudMessaging
LogPluginManager: Mounting plugin IOSDeviceProfileSelector
LogPluginManager: Mounting plugin LinuxDeviceProfileSelector
LogPluginManager: Mounting plugin LocationServicesBPLibrary
LogPluginManager: Mounting plugin MobilePatchingUtils
LogPluginManager: Mounting plugin OculusVR
LogPluginManager: Mounting plugin PhysXVehicles
LogPluginManager: Mounting plugin ProceduralMeshComponent
LogPluginManager: Mounting plugin RuntimePhysXCooking
LogPluginManager: Mounting plugin SignificanceManager
LogPluginManager: Mounting plugin SteamVR
LogPluginManager: Mounting plugin WebMMoviePlayer
LogPluginManager: Mounting plugin WindowsMoviePlayer
LogInit: Using libcurl 7.55.1-DEV
LogInit:  - built for x86_64-pc-win32
LogInit:  - supports SSL with OpenSSL/1.1.1
LogInit:  - supports HTTP deflate (compression) using libz 1.2.8
LogInit:  - other features:
LogInit:      CURL_VERSION_SSL
LogInit:      CURL_VERSION_LIBZ
LogInit:      CURL_VERSION_IPV6
LogInit:      CURL_VERSION_ASYNCHDNS
LogInit:      CURL_VERSION_LARGEFILE
LogInit:      CURL_VERSION_IDN
LogInit:  CurlRequestOptions (configurable via config and command line):
LogInit:  - bVerifyPeer = true  - Libcurl will verify peer certificate
LogInit:  - bUseHttpProxy = false  - Libcurl will NOT use HTTP proxy
LogInit:  - bDontReuseConnections = false  - Libcurl will reuse connections
LogInit:  - MaxHostConnections = 16  - Libcurl will limit the number of connections to a host
LogInit:  - LocalHostAddr = Default
LogInit:  - BufferSize = 65536
LogInit: WinSock: version 1.1 (2.2), MaxSocks=32767, MaxUdp=65467
LogInit: Build: ++UE4+Release-4.22-CL-7053642
LogInit: Engine Version: 4.22.3-7053642+++UE4+Release-4.22
LogInit: Compatible Engine Version: 4.22.0-5660361+++UE4+Release-4.22
LogInit: Net CL: 5660361
LogInit: OS: Windows 10 (Release 1809) (), CPU:         Intel(R) Core(TM) i7-3770 CPU @ 3.40GHz, GPU: AMD Radeon(TM) R9 370 series
LogInit: Compiled (64-bit): Jun 18 2019 03:09:11
LogInit: Compiled with Visual C++: 19.16.27025.01
LogInit: Build Configuration: Development
LogInit: Branch Name: ++UE4+Release-4.22
LogInit: Command Line:  -EpicPortal -epicusername=W1rgy -epicuserid=a1a74ce051504e9683abf5d805f1127e -epiclocale=ru-RU
LogInit: Base Directory: C:/Program Files/Epic Games/UE_4.22/Engine/Binaries/Win64/
LogInit: Installed Engine Build: 1
LogDevObjectVersion: Number of dev versions registered: 23
LogDevObjectVersion:   Dev-Blueprints (B0D832E4-1F89-4F0D-ACCF-7EB736FD4AA2): 10
LogDevObjectVersion:   Dev-Build (E1C64328-A22C-4D53-A36C-8E866417BD8C): 0
LogDevObjectVersion:   Dev-Core (375EC13C-06E4-48FB-B500-84F0262A717E): 3
LogDevObjectVersion:   Dev-Editor (E4B068ED-F494-42E9-A231-DA0B2E46BB41): 30
LogDevObjectVersion:   Dev-Framework (CFFC743F-43B0-4480-9391-14DF171D2073): 35
LogDevObjectVersion:   Dev-Mobile (B02B49B5-BB20-44E9-A304-32B752E40360): 2
LogDevObjectVersion:   Dev-Networking (A4E4105C-59A1-49B5-A7C5-40C4547EDFEE): 0
LogDevObjectVersion:   Dev-Online (39C831C9-5AE6-47DC-9A44-9C173E1C8E7C): 0
LogDevObjectVersion:   Dev-Physics (78F01B33-EBEA-4F98-B9B4-84EACCB95AA2): 0
LogDevObjectVersion:   Dev-Platform (6631380F-2D4D-43E0-8009-CF276956A95A): 0
LogDevObjectVersion:   Dev-Rendering (12F88B9F-8875-4AFC-A67C-D90C383ABD29): 28
LogDevObjectVersion:   Dev-Sequencer (7B5AE74C-D270-4C10-A958-57980B212A5A): 11
LogDevObjectVersion:   Dev-VR (D7296918-1DD6-4BDD-9DE2-64A83CC13884): 2
LogDevObjectVersion:   Dev-LoadTimes (C2A15278-BFE7-4AFE-6C17-90FF531DF755): 1
LogDevObjectVersion:   Private-Geometry (6EACA3D4-40EC-4CC1-B786-8BED09428FC5): 3
LogDevObjectVersion:   Dev-AnimPhys (29E575DD-E0A3-4627-9D10-D276232CDCEA): 17
LogDevObjectVersion:   Dev-Anim (AF43A65D-7FD3-4947-9873-3E8ED9C1BB05): 2
LogDevObjectVersion:   Dev-ReflectionCapture (6B266CEC-1EC7-4B8F-A30B-E4D90942FC07): 1
LogDevObjectVersion:   Dev-Automation (0DF73D61-A23F-47EA-B727-89E90C41499A): 1
LogDevObjectVersion:   FortniteMain (601D1886-AC64-4F84-AA16-D3DE0DEAC7D6): 25
LogDevObjectVersion:   Dev-Enterprise (9DFFBCD6-494F-0158-E221-12823C92A888): 6
LogDevObjectVersion:   Dev-Niagara (F2AED0AC-9AFE-416F-8664-AA7FFA26D6FC): 1
LogDevObjectVersion:   Dev-Destruction (174F1F0B-B4C6-45A5-B13F-2EE8D0FB917D): 2
LogInit: Presizing for max 16777216 objects, including 0 objects not considered by GC, pre-allocating 0 bytes for permanent pool.
LogInit: Object subsystem initialized
LogConfig: Setting CVar [[con.DebugEarlyDefault:1]]
LogConfig: Setting CVar [[r.setres:1280x720]]
[2019.08.10-06.32.13:268][  0]LogConfig: Setting CVar [[r.VSync:0]]
[2019.08.10-06.32.13:268][  0]LogConfig: Setting CVar [[r.RHICmdBypass:0]]
[2019.08.10-06.32.13:268][  0]LogConfig: Applying CVar settings from Section [/Script/Engine.RendererSettings] File [C:/Users/WIRGY/Documents/GitHub/howext/Saved/Config/Windows/Engine.ini]
[2019.08.10-06.32.13:268][  0]LogConfig: Setting CVar [[r.GPUCrashDebugging:0]]
[2019.08.10-06.32.13:268][  0]LogConfig: Setting CVar [[r.DefaultFeature.AutoExposure.ExtendDefaultLuminanceRange:1]]
[2019.08.10-06.32.13:268][  0]LogConfig: Applying CVar settings from Section [/Script/Engine.RendererOverrideSettings] File [C:/Users/WIRGY/Documents/GitHub/howext/Saved/Config/Windows/Engine.ini]
[2019.08.10-06.32.13:268][  0]LogConfig: Applying CVar settings from Section [/Script/Engine.StreamingSettings] File [C:/Users/WIRGY/Documents/GitHub/howext/Saved/Config/Windows/Engine.ini]
[2019.08.10-06.32.13:268][  0]LogConfig: Setting CVar [[s.MinBulkDataSizeForAsyncLoading:131072]]
[2019.08.10-06.32.13:268][  0]LogConfig: Setting CVar [[s.AsyncLoadingThreadEnabled:0]]
[2019.08.10-06.32.13:268][  0]LogConfig: Setting CVar [[s.EventDrivenLoaderEnabled:1]]
[2019.08.10-06.32.13:268][  0]LogConfig: Setting CVar [[s.WarnIfTimeLimitExceeded:0]]
[2019.08.10-06.32.13:269][  0]LogConfig: Setting CVar [[s.TimeLimitExceededMultiplier:1.5]]
[2019.08.10-06.32.13:269][  0]LogConfig: Setting CVar [[s.TimeLimitExceededMinTime:0.005]]
[2019.08.10-06.32.13:269][  0]LogConfig: Setting CVar [[s.UseBackgroundLevelStreaming:1]]
[2019.08.10-06.32.13:269][  0]LogConfig: Setting CVar [[s.PriorityAsyncLoadingExtraTime:15.0]]
[2019.08.10-06.32.13:269][  0]LogConfig: Setting CVar [[s.LevelStreamingActorsUpdateTimeLimit:5.0]]
[2019.08.10-06.32.13:269][  0]LogConfig: Setting CVar [[s.PriorityLevelStreamingActorsUpdateExtraTime:5.0]]
[2019.08.10-06.32.13:269][  0]LogConfig: Setting CVar [[s.LevelStreamingComponentsRegistrationGranularity:10]]
[2019.08.10-06.32.13:269][  0]LogConfig: Setting CVar [[s.UnregisterComponentsTimeLimit:1.0]]
[2019.08.10-06.32.13:269][  0]LogConfig: Setting CVar [[s.LevelStreamingComponentsUnregistrationGranularity:5]]
[2019.08.10-06.32.13:269][  0]LogConfig: Applying CVar settings from Section [/Script/Engine.GarbageCollectionSettings] File [C:/Users/WIRGY/Documents/GitHub/howext/Saved/Config/Windows/Engine.ini]
[2019.08.10-06.32.13:269][  0]LogConfig: Setting CVar [[gc.MaxObjectsNotConsideredByGC:1]]
[2019.08.10-06.32.13:269][  0]LogConfig: Setting CVar [[gc.SizeOfPermanentObjectPool:0]]
[2019.08.10-06.32.13:269][  0]LogConfig: Setting CVar [[gc.FlushStreamingOnGC:0]]
[2019.08.10-06.32.13:269][  0]LogConfig: Setting CVar [[gc.NumRetriesBeforeForcingGC:10]]
[2019.08.10-06.32.13:269][  0]LogConfig: Setting CVar [[gc.AllowParallelGC:1]]
[2019.08.10-06.32.13:269][  0]LogConfig: Setting CVar [[gc.TimeBetweenPurgingPendingKillObjects:61.1]]
[2019.08.10-06.32.13:269][  0]LogConfig: Setting CVar [[gc.MaxObjectsInEditor:16777216]]
[2019.08.10-06.32.13:269][  0]LogConfig: Setting CVar [[gc.IncrementalBeginDestroyEnabled:1]]
[2019.08.10-06.32.13:269][  0]LogConfig: Setting CVar [[gc.CreateGCClusters:1]]
[2019.08.10-06.32.13:269][  0]LogConfig: Setting CVar [[gc.MinGCClusterSize:5]]
[2019.08.10-06.32.13:269][  0]LogConfig: Setting CVar [[gc.ActorClusteringEnabled:0]]
[2019.08.10-06.32.13:269][  0]LogConfig: Setting CVar [[gc.BlueprintClusteringEnabled:0]]
[2019.08.10-06.32.13:269][  0]LogConfig: Setting CVar [[gc.UseDisregardForGCOnDedicatedServers:0]]
[2019.08.10-06.32.13:269][  0]LogConfig: Applying CVar settings from Section [/Script/Engine.NetworkSettings] File [C:/Users/WIRGY/Documents/GitHub/howext/Saved/Config/Windows/Engine.ini]
[2019.08.10-06.32.13:269][  0]LogConfig: Applying CVar settings from Section [/Script/UnrealEd.CookerSettings] File [C:/Users/WIRGY/Documents/GitHub/howext/Saved/Config/Windows/Engine.ini]
[2019.08.10-06.32.13:276][  0]LogConfig: Applying CVar settings from Section [ViewDistanceQuality@3] File [C:/Users/WIRGY/Documents/GitHub/howext/Saved/Config/Windows/Scalability.ini]
[2019.08.10-06.32.13:276][  0]LogConfig: Setting CVar [[r.SkeletalMeshLODBias:0]]
[2019.08.10-06.32.13:276][  0]LogConfig: Setting CVar [[r.ViewDistanceScale:1.0]]
[2019.08.10-06.32.13:276][  0]LogConfig: Applying CVar settings from Section [AntiAliasingQuality@3] File [C:/Users/WIRGY/Documents/GitHub/howext/Saved/Config/Windows/Scalability.ini]
[2019.08.10-06.32.13:276][  0]LogConfig: Setting CVar [[r.PostProcessAAQuality:4]]
[2019.08.10-06.32.13:276][  0]LogConfig: Applying CVar settings from Section [ShadowQuality@3] File [C:/Users/WIRGY/Documents/GitHub/howext/Saved/Config/Windows/Scalability.ini]
[2019.08.10-06.32.13:276][  0]LogConfig: Setting CVar [[r.LightFunctionQuality:1]]
[2019.08.10-06.32.13:276][  0]LogConfig: Setting CVar [[r.ShadowQuality:5]]
[2019.08.10-06.32.13:276][  0]LogConfig: Setting CVar [[r.Shadow.CSM.MaxCascades:10]]
[2019.08.10-06.32.13:276][  0]LogConfig: Setting CVar [[r.Shadow.MaxResolution:2048]]
[2019.08.10-06.32.13:276][  0]LogConfig: Setting CVar [[r.Shadow.MaxCSMResolution:2048]]
[2019.08.10-06.32.13:276][  0]LogConfig: Setting CVar [[r.Shadow.RadiusThreshold:0.01]]
[2019.08.10-06.32.13:276][  0]LogConfig: Setting CVar [[r.Shadow.DistanceScale:1.0]]
[2019.08.10-06.32.13:276][  0]LogConfig: Setting CVar [[r.Shadow.CSM.TransitionScale:1.0]]
[2019.08.10-06.32.13:276][  0]LogConfig: Setting CVar [[r.Shadow.PreShadowResolutionFactor:1.0]]
[2019.08.10-06.32.13:277][  0]LogConfig: Setting CVar [[r.DistanceFieldShadowing:1]]
[2019.08.10-06.32.13:277][  0]LogConfig: Setting CVar [[r.DistanceFieldAO:1]]
[2019.08.10-06.32.13:277][  0]LogConfig: Setting CVar [[r.AOQuality:2]]
[2019.08.10-06.32.13:277][  0]LogConfig: Setting CVar [[r.VolumetricFog:1]]
[2019.08.10-06.32.13:277][  0]LogConfig: Setting CVar [[r.VolumetricFog.GridPixelSize:8]]
[2019.08.10-06.32.13:277][  0]LogConfig: Setting CVar [[r.VolumetricFog.GridSizeZ:128]]
[2019.08.10-06.32.13:277][  0]LogConfig: Setting CVar [[r.VolumetricFog.HistoryMissSupersampleCount:4]]
[2019.08.10-06.32.13:277][  0]LogConfig: Setting CVar [[r.LightMaxDrawDistanceScale:1]]
[2019.08.10-06.32.13:277][  0]LogConfig: Setting CVar [[r.CapsuleShadows:1]]
[2019.08.10-06.32.13:277][  0]LogConfig: Applying CVar settings from Section [PostProcessQuality@3] File [C:/Users/WIRGY/Documents/GitHub/howext/Saved/Config/Windows/Scalability.ini]
[2019.08.10-06.32.13:277][  0]LogConfig: Setting CVar [[r.MotionBlurQuality:4]]
[2019.08.10-06.32.13:277][  0]LogConfig: Setting CVar [[r.AmbientOcclusionMipLevelFactor:0.4]]
[2019.08.10-06.32.13:277][  0]LogConfig: Setting CVar [[r.AmbientOcclusionMaxQuality:100]]
[2019.08.10-06.32.13:277][  0]LogConfig: Setting CVar [[r.AmbientOcclusionLevels:-1]]
[2019.08.10-06.32.13:277][  0]LogConfig: Setting CVar [[r.AmbientOcclusionRadiusScale:1.0]]
[2019.08.10-06.32.13:277][  0]LogConfig: Setting CVar [[r.DepthOfFieldQuality:2]]
[2019.08.10-06.32.13:277][  0]LogConfig: Setting CVar [[r.RenderTargetPoolMin:400]]
[2019.08.10-06.32.13:277][  0]LogConfig: Setting CVar [[r.LensFlareQuality:2]]
[2019.08.10-06.32.13:277][  0]LogConfig: Setting CVar [[r.SceneColorFringeQuality:1]]
[2019.08.10-06.32.13:277][  0]LogConfig: Setting CVar [[r.EyeAdaptationQuality:2]]
[2019.08.10-06.32.13:277][  0]LogConfig: Setting CVar [[r.BloomQuality:5]]
[2019.08.10-06.32.13:277][  0]LogConfig: Setting CVar [[r.FastBlurThreshold:100]]
[2019.08.10-06.32.13:277][  0]LogConfig: Setting CVar [[r.Upscale.Quality:3]]
[2019.08.10-06.32.13:277][  0]LogConfig: Setting CVar [[r.Tonemapper.GrainQuantization:1]]
[2019.08.10-06.32.13:277][  0]LogConfig: Setting CVar [[r.LightShaftQuality:1]]
[2019.08.10-06.32.13:277][  0]LogConfig: Setting CVar [[r.Filter.SizeScale:1]]
[2019.08.10-06.32.13:277][  0]LogConfig: Setting CVar [[r.Tonemapper.Quality:5]]
[2019.08.10-06.32.13:277][  0]LogConfig: Setting CVar [[r.DOF.Gather.AccumulatorQuality:1        ; higher gathering accumulator quality]]
[2019.08.10-06.32.13:277][  0]LogConfig: Setting CVar [[r.DOF.Gather.PostfilterMethod:1          ; Median3x3 postfilering method]]
[2019.08.10-06.32.13:277][  0]LogConfig: Setting CVar [[r.DOF.Gather.EnableBokehSettings:0       ; no bokeh simulation when gathering]]
[2019.08.10-06.32.13:277][  0]LogConfig: Setting CVar [[r.DOF.Gather.RingCount:4                 ; medium number of samples when gathering]]
[2019.08.10-06.32.13:277][  0]LogConfig: Setting CVar [[r.DOF.Scatter.ForegroundCompositing:1    ; additive foreground scattering]]
[2019.08.10-06.32.13:277][  0]LogConfig: Setting CVar [[r.DOF.Scatter.BackgroundCompositing:2    ; additive background scattering]]
[2019.08.10-06.32.13:277][  0]LogConfig: Setting CVar [[r.DOF.Scatter.EnableBokehSettings:1      ; bokeh simulation when scattering]]
[2019.08.10-06.32.13:277][  0]LogConfig: Setting CVar [[r.DOF.Scatter.MaxSpriteRatio:0.1         ; only a maximum of 10% of scattered bokeh]]
[2019.08.10-06.32.13:277][  0]LogConfig: Setting CVar [[r.DOF.Recombine.Quality:1                ; cheap slight out of focus]]
[2019.08.10-06.32.13:277][  0]LogConfig: Setting CVar [[r.DOF.Recombine.EnableBokehSettings:0    ; no bokeh simulation on slight out of focus]]
[2019.08.10-06.32.13:277][  0]LogConfig: Setting CVar [[r.DOF.TemporalAAQuality:1                ; more stable temporal accumulation]]
[2019.08.10-06.32.13:277][  0]LogConfig: Setting CVar [[r.DOF.Kernel.MaxForegroundRadius:0.025]]
[2019.08.10-06.32.13:277][  0]LogConfig: Setting CVar [[r.DOF.Kernel.MaxBackgroundRadius:0.025]]
[2019.08.10-06.32.13:277][  0]LogConfig: Applying CVar settings from Section [TextureQuality@3] File [C:/Users/WIRGY/Documents/GitHub/howext/Saved/Config/Windows/Scalability.ini]
[2019.08.10-06.32.13:277][  0]LogConfig: Setting CVar [[r.Streaming.MipBias:0]]
[2019.08.10-06.32.13:277][  0]LogConfig: Setting CVar [[r.Streaming.AmortizeCPUToGPUCopy:0]]
[2019.08.10-06.32.13:277][  0]LogConfig: Setting CVar [[r.Streaming.MaxNumTexturesToStreamPerFrame:0]]
[2019.08.10-06.32.13:277][  0]LogConfig: Setting CVar [[r.Streaming.Boost:1]]
[2019.08.10-06.32.13:277][  0]LogConfig: Setting CVar [[r.MaxAnisotropy:8]]
[2019.08.10-06.32.13:277][  0]LogConfig: Setting CVar [[r.Streaming.LimitPoolSizeToVRAM:0]]
[2019.08.10-06.32.13:277][  0]LogConfig: Setting CVar [[r.Streaming.PoolSize:1000]]
[2019.08.10-06.32.13:277][  0]LogConfig: Setting CVar [[r.Streaming.MaxEffectiveScreenSize:0]]
[2019.08.10-06.32.13:277][  0]LogConfig: Applying CVar settings from Section [EffectsQuality@3] File [C:/Users/WIRGY/Documents/GitHub/howext/Saved/Config/Windows/Scalability.ini]
[2019.08.10-06.32.13:277][  0]LogConfig: Setting CVar [[r.TranslucencyLightingVolumeDim:64]]
[2019.08.10-06.32.13:277][  0]LogConfig: Setting CVar [[r.RefractionQuality:2]]
[2019.08.10-06.32.13:277][  0]LogConfig: Setting CVar [[r.SSR.Quality:3]]
[2019.08.10-06.32.13:277][  0]LogConfig: Setting CVar [[r.SceneColorFormat:4]]
[2019.08.10-06.32.13:277][  0]LogConfig: Setting CVar [[r.DetailMode:2]]
[2019.08.10-06.32.13:277][  0]LogConfig: Setting CVar [[r.TranslucencyVolumeBlur:1]]
[2019.08.10-06.32.13:277][  0]LogConfig: Setting CVar [[r.MaterialQualityLevel:1 ; High quality]]
[2019.08.10-06.32.13:277][  0]LogConfig: Setting CVar [[r.SSS.Scale:1]]
[2019.08.10-06.32.13:277][  0]LogConfig: Setting CVar [[r.SSS.SampleSet:2]]
[2019.08.10-06.32.13:277][  0]LogConfig: Setting CVar [[r.SSS.Quality:1]]
[2019.08.10-06.32.13:277][  0]LogConfig: Setting CVar [[r.SSS.HalfRes:1]]
[2019.08.10-06.32.13:277][  0]LogConfig: Setting CVar [[r.EmitterSpawnRateScale:1.0]]
[2019.08.10-06.32.13:277][  0]LogConfig: Setting CVar [[r.ParticleLightQuality:2]]
[2019.08.10-06.32.13:277][  0]LogConfig: Applying CVar settings from Section [FoliageQuality@3] File [C:/Users/WIRGY/Documents/GitHub/howext/Saved/Config/Windows/Scalability.ini]
[2019.08.10-06.32.13:277][  0]LogConfig: Setting CVar [[foliage.DensityScale:1.0]]
[2019.08.10-06.32.13:277][  0]LogConfig: Setting CVar [[grass.DensityScale:1.0]]
[2019.08.10-06.32.13:277][  0]LogInit: Selected Device Profile: [Windows]
[2019.08.10-06.32.13:277][  0]LogInit: Applying CVar settings loaded from the selected device profile: [Windows]
[2019.08.10-06.32.13:294][  0]LogHAL: Display: Platform has ~ 8 GB [8530186240 / 8589934592 / 8], which maps to Default [LargestMinGB=32, LargerMinGB=12, DefaultMinGB=8, SmallerMinGB=6, SmallestMinGB=0)
[2019.08.10-06.32.13:294][  0]LogConfig: Setting CVar [[r.Vulkan.UseRealUBs:0		; Required until we fix HLR fall-out]]
[2019.08.10-06.32.13:294][  0]LogInit: Going up to parent DeviceProfile []
[2019.08.10-06.32.13:294][  0]LogConfig: Applying CVar settings from Section [ViewDistanceQuality@3] File [C:/Users/WIRGY/Documents/GitHub/howext/Saved/Config/Windows/Scalability.ini]
[2019.08.10-06.32.13:294][  0]LogConfig: Setting CVar [[r.SkeletalMeshLODBias:0]]
[2019.08.10-06.32.13:294][  0]LogConfig: Setting CVar [[r.ViewDistanceScale:1.0]]
[2019.08.10-06.32.13:294][  0]LogConfig: Applying CVar settings from Section [AntiAliasingQuality@3] File [C:/Users/WIRGY/Documents/GitHub/howext/Saved/Config/Windows/Scalability.ini]
[2019.08.10-06.32.13:294][  0]LogConfig: Setting CVar [[r.PostProcessAAQuality:4]]
[2019.08.10-06.32.13:294][  0]LogConfig: Applying CVar settings from Section [ShadowQuality@3] File [C:/Users/WIRGY/Documents/GitHub/howext/Saved/Config/Windows/Scalability.ini]
[2019.08.10-06.32.13:294][  0]LogConfig: Setting CVar [[r.LightFunctionQuality:1]]
[2019.08.10-06.32.13:294][  0]LogConfig: Setting CVar [[r.ShadowQuality:5]]
[2019.08.10-06.32.13:294][  0]LogConfig: Setting CVar [[r.Shadow.CSM.MaxCascades:10]]
[2019.08.10-06.32.13:294][  0]LogConfig: Setting CVar [[r.Shadow.MaxResolution:2048]]
[2019.08.10-06.32.13:294][  0]LogConfig: Setting CVar [[r.Shadow.MaxCSMResolution:2048]]
[2019.08.10-06.32.13:294][  0]LogConfig: Setting CVar [[r.Shadow.RadiusThreshold:0.01]]
[2019.08.10-06.32.13:294][  0]LogConfig: Setting CVar [[r.Shadow.DistanceScale:1.0]]
[2019.08.10-06.32.13:294][  0]LogConfig: Setting CVar [[r.Shadow.CSM.TransitionScale:1.0]]
[2019.08.10-06.32.13:294][  0]LogConfig: Setting CVar [[r.Shadow.PreShadowResolutionFactor:1.0]]
[2019.08.10-06.32.13:294][  0]LogConfig: Setting CVar [[r.DistanceFieldShadowing:1]]
[2019.08.10-06.32.13:294][  0]LogConfig: Setting CVar [[r.DistanceFieldAO:1]]
[2019.08.10-06.32.13:294][  0]LogConfig: Setting CVar [[r.AOQuality:2]]
[2019.08.10-06.32.13:294][  0]LogConfig: Setting CVar [[r.VolumetricFog:1]]
[2019.08.10-06.32.13:294][  0]LogConfig: Setting CVar [[r.VolumetricFog.GridPixelSize:8]]
[2019.08.10-06.32.13:294][  0]LogConfig: Setting CVar [[r.VolumetricFog.GridSizeZ:128]]
[2019.08.10-06.32.13:294][  0]LogConfig: Setting CVar [[r.VolumetricFog.HistoryMissSupersampleCount:4]]
[2019.08.10-06.32.13:294][  0]LogConfig: Setting CVar [[r.LightMaxDrawDistanceScale:1]]
[2019.08.10-06.32.13:294][  0]LogConfig: Setting CVar [[r.CapsuleShadows:1]]
[2019.08.10-06.32.13:294][  0]LogConfig: Applying CVar settings from Section [PostProcessQuality@3] File [C:/Users/WIRGY/Documents/GitHub/howext/Saved/Config/Windows/Scalability.ini]
[2019.08.10-06.32.13:294][  0]LogConfig: Setting CVar [[r.MotionBlurQuality:4]]
[2019.08.10-06.32.13:294][  0]LogConfig: Setting CVar [[r.AmbientOcclusionMipLevelFactor:0.4]]
[2019.08.10-06.32.13:294][  0]LogConfig: Setting CVar [[r.AmbientOcclusionMaxQuality:100]]
[2019.08.10-06.32.13:294][  0]LogConfig: Setting CVar [[r.AmbientOcclusionLevels:-1]]
[2019.08.10-06.32.13:294][  0]LogConfig: Setting CVar [[r.AmbientOcclusionRadiusScale:1.0]]
[2019.08.10-06.32.13:294][  0]LogConfig: Setting CVar [[r.DepthOfFieldQuality:2]]
[2019.08.10-06.32.13:294][  0]LogConfig: Setting CVar [[r.RenderTargetPoolMin:400]]
[2019.08.10-06.32.13:294][  0]LogConfig: Setting CVar [[r.LensFlareQuality:2]]
[2019.08.10-06.32.13:294][  0]LogConfig: Setting CVar [[r.SceneColorFringeQuality:1]]
[2019.08.10-06.32.13:294][  0]LogConfig: Setting CVar [[r.EyeAdaptationQuality:2]]
[2019.08.10-06.32.13:295][  0]LogConfig: Setting CVar [[r.BloomQuality:5]]
[2019.08.10-06.32.13:295][  0]LogConfig: Setting CVar [[r.FastBlurThreshold:100]]
[2019.08.10-06.32.13:295][  0]LogConfig: Setting CVar [[r.Upscale.Quality:3]]
[2019.08.10-06.32.13:295][  0]LogConfig: Setting CVar [[r.Tonemapper.GrainQuantization:1]]
[2019.08.10-06.32.13:295][  0]LogConfig: Setting CVar [[r.LightShaftQuality:1]]
[2019.08.10-06.32.13:295][  0]LogConfig: Setting CVar [[r.Filter.SizeScale:1]]
[2019.08.10-06.32.13:295][  0]LogConfig: Setting CVar [[r.Tonemapper.Quality:5]]
[2019.08.10-06.32.13:295][  0]LogConfig: Setting CVar [[r.DOF.Gather.AccumulatorQuality:1        ; higher gathering accumulator quality]]
[2019.08.10-06.32.13:295][  0]LogConfig: Setting CVar [[r.DOF.Gather.PostfilterMethod:1          ; Median3x3 postfilering method]]
[2019.08.10-06.32.13:295][  0]LogConfig: Setting CVar [[r.DOF.Gather.EnableBokehSettings:0       ; no bokeh simulation when gathering]]
[2019.08.10-06.32.13:295][  0]LogConfig: Setting CVar [[r.DOF.Gather.RingCount:4                 ; medium number of samples when gathering]]
[2019.08.10-06.32.13:295][  0]LogConfig: Setting CVar [[r.DOF.Scatter.ForegroundCompositing:1    ; additive foreground scattering]]
[2019.08.10-06.32.13:295][  0]LogConfig: Setting CVar [[r.DOF.Scatter.BackgroundCompositing:2    ; additive background scattering]]
[2019.08.10-06.32.13:295][  0]LogConfig: Setting CVar [[r.DOF.Scatter.EnableBokehSettings:1      ; bokeh simulation when scattering]]
[2019.08.10-06.32.13:295][  0]LogConfig: Setting CVar [[r.DOF.Scatter.MaxSpriteRatio:0.1         ; only a maximum of 10% of scattered bokeh]]
[2019.08.10-06.32.13:295][  0]LogConfig: Setting CVar [[r.DOF.Recombine.Quality:1                ; cheap slight out of focus]]
[2019.08.10-06.32.13:295][  0]LogConfig: Setting CVar [[r.DOF.Recombine.EnableBokehSettings:0    ; no bokeh simulation on slight out of focus]]
[2019.08.10-06.32.13:295][  0]LogConfig: Setting CVar [[r.DOF.TemporalAAQuality:1                ; more stable temporal accumulation]]
[2019.08.10-06.32.13:295][  0]LogConfig: Setting CVar [[r.DOF.Kernel.MaxForegroundRadius:0.025]]
[2019.08.10-06.32.13:295][  0]LogConfig: Setting CVar [[r.DOF.Kernel.MaxBackgroundRadius:0.025]]
[2019.08.10-06.32.13:295][  0]LogConfig: Applying CVar settings from Section [TextureQuality@3] File [C:/Users/WIRGY/Documents/GitHub/howext/Saved/Config/Windows/Scalability.ini]
[2019.08.10-06.32.13:295][  0]LogConfig: Setting CVar [[r.Streaming.MipBias:0]]
[2019.08.10-06.32.13:295][  0]LogConfig: Setting CVar [[r.Streaming.AmortizeCPUToGPUCopy:0]]
[2019.08.10-06.32.13:295][  0]LogConfig: Setting CVar [[r.Streaming.MaxNumTexturesToStreamPerFrame:0]]
[2019.08.10-06.32.13:295][  0]LogConfig: Setting CVar [[r.Streaming.Boost:1]]
[2019.08.10-06.32.13:295][  0]LogConfig: Setting CVar [[r.MaxAnisotropy:8]]
[2019.08.10-06.32.13:295][  0]LogConfig: Setting CVar [[r.Streaming.LimitPoolSizeToVRAM:0]]
[2019.08.10-06.32.13:295][  0]LogConfig: Setting CVar [[r.Streaming.PoolSize:1000]]
[2019.08.10-06.32.13:295][  0]LogConfig: Setting CVar [[r.Streaming.MaxEffectiveScreenSize:0]]
[2019.08.10-06.32.13:295][  0]LogConfig: Applying CVar settings from Section [EffectsQuality@3] File [C:/Users/WIRGY/Documents/GitHub/howext/Saved/Config/Windows/Scalability.ini]
[2019.08.10-06.32.13:295][  0]LogConfig: Setting CVar [[r.TranslucencyLightingVolumeDim:64]]
[2019.08.10-06.32.13:295][  0]LogConfig: Setting CVar [[r.RefractionQuality:2]]
[2019.08.10-06.32.13:295][  0]LogConfig: Setting CVar [[r.SSR.Quality:3]]
[2019.08.10-06.32.13:295][  0]LogConfig: Setting CVar [[r.SceneColorFormat:4]]
[2019.08.10-06.32.13:295][  0]LogConfig: Setting CVar [[r.DetailMode:2]]
[2019.08.10-06.32.13:295][  0]LogConfig: Setting CVar [[r.TranslucencyVolumeBlur:1]]
[2019.08.10-06.32.13:295][  0]LogConfig: Setting CVar [[r.MaterialQualityLevel:1 ; High quality]]
[2019.08.10-06.32.13:295][  0]LogConfig: Setting CVar [[r.SSS.Scale:1]]
[2019.08.10-06.32.13:295][  0]LogConfig: Setting CVar [[r.SSS.SampleSet:2]]
[2019.08.10-06.32.13:295][  0]LogConfig: Setting CVar [[r.SSS.Quality:1]]
[2019.08.10-06.32.13:295][  0]LogConfig: Setting CVar [[r.SSS.HalfRes:1]]
[2019.08.10-06.32.13:295][  0]LogConfig: Setting CVar [[r.EmitterSpawnRateScale:1.0]]
[2019.08.10-06.32.13:295][  0]LogConfig: Setting CVar [[r.ParticleLightQuality:2]]
[2019.08.10-06.32.13:295][  0]LogConfig: Applying CVar settings from Section [FoliageQuality@3] File [C:/Users/WIRGY/Documents/GitHub/howext/Saved/Config/Windows/Scalability.ini]
[2019.08.10-06.32.13:295][  0]LogConfig: Setting CVar [[foliage.DensityScale:1.0]]
[2019.08.10-06.32.13:295][  0]LogConfig: Setting CVar [[grass.DensityScale:1.0]]
[2019.08.10-06.32.13:295][  0]LogConfig: Applying CVar settings from Section [Startup] File [../../../Engine/Config/ConsoleVariables.ini]
[2019.08.10-06.32.13:295][  0]LogConfig: Setting CVar [[net.UseAdaptiveNetUpdateFrequency:0]]
[2019.08.10-06.32.13:295][  0]LogConfig: Setting CVar [[p.chaos.AllowCreatePhysxBodies:1]]
[2019.08.10-06.32.13:295][  0]LogConfig: Applying CVar settings from Section [ConsoleVariables] File [C:/Users/WIRGY/Documents/GitHub/howext/Saved/Config/Windows/Engine.ini]
[2019.08.10-06.32.13:296][  0]LogInit: Computer: HOME-PC
[2019.08.10-06.32.13:296][  0]LogInit: User: WIRGY
[2019.08.10-06.32.13:296][  0]LogInit: CPU Page size=4096, Cores=4
[2019.08.10-06.32.13:296][  0]LogInit: High frequency timer resolution =10.000000 MHz
[2019.08.10-06.32.13:296][  0]LogMemory: Memory total: Physical=7.9GB (8GB approx)
[2019.08.10-06.32.13:296][  0]LogMemory: Platform Memory Stats for Windows
[2019.08.10-06.32.13:296][  0]LogMemory: Process Physical Memory: 96.64 MB used, 96.64 MB peak
[2019.08.10-06.32.13:296][  0]LogMemory: Process Virtual Memory: 88.68 MB used, 88.68 MB peak
[2019.08.10-06.32.13:296][  0]LogMemory: Physical Memory: 3652.20 MB used,  4482.82 MB free, 8135.02 MB total
[2019.08.10-06.32.13:296][  0]LogMemory: Virtual Memory: 4656.45 MB used,  134213072.00 MB free, 134217728.00 MB total
[2019.08.10-06.32.13:308][  0]LogInit: Using OS detected language (ru-RU).
[2019.08.10-06.32.13:308][  0]LogInit: Using OS detected locale (ru-RU).
[2019.08.10-06.32.13:309][  0]LogTextLocalizationManager: No specific localization for 'ru-RU' exists, so the 'ru' localization will be used.
[2019.08.10-06.32.13:309][  0]LogTextLocalizationResource: LocRes '../../../Engine/Content/Localization/Editor/ru/Editor.locres' could not be opened for reading!
[2019.08.10-06.32.13:310][  0]LogTextLocalizationResource: LocRes '../../../Engine/Content/Localization/EditorTutorials/ru/EditorTutorials.locres' could not be opened for reading!
[2019.08.10-06.32.13:310][  0]LogTextLocalizationResource: LocRes '../../../Engine/Content/Localization/Keywords/ru/Keywords.locres' could not be opened for reading!
[2019.08.10-06.32.13:310][  0]LogTextLocalizationResource: LocRes '../../../Engine/Content/Localization/Category/ru/Category.locres' could not be opened for reading!
[2019.08.10-06.32.13:310][  0]LogTextLocalizationResource: LocRes '../../../Engine/Content/Localization/ToolTips/ru/ToolTips.locres' could not be opened for reading!
[2019.08.10-06.32.13:310][  0]LogTextLocalizationResource: LocRes '../../../Engine/Content/Localization/PropertyNames/ru/PropertyNames.locres' could not be opened for reading!
[2019.08.10-06.32.13:310][  0]LogTextLocalizationResource: LocRes '../../../Engine/Content/Localization/Engine/ru/Engine.locres' could not be opened for reading!
[2019.08.10-06.32.13:311][  0]LogInit: Setting process to per monitor DPI aware
[2019.08.10-06.32.13:341][  0]LogSlate: New Slate User Created.  User Index 0, Is Virtual User: 0
[2019.08.10-06.32.13:341][  0]LogSlate: Slate User Registered.  User Index 0, Is Virtual User: 0
[2019.08.10-06.32.13:505][  0]LogHMD: Failed to initialize OpenVR with code 110
[2019.08.10-06.32.13:505][  0]LogD3D11RHI: D3D11 adapters:
[2019.08.10-06.32.13:516][  0]LogD3D11RHI:    0. 'AMD Radeon(TM) R9 370 series' (Feature Level 11_0)
[2019.08.10-06.32.13:516][  0]LogD3D11RHI:       2028/0/4067 MB DedicatedVideo/DedicatedSystem/SharedSystem, Outputs:2, VendorId:0x1002
[2019.08.10-06.32.13:518][  0]LogD3D11RHI:    1. 'Microsoft Basic Render Driver' (Feature Level 11_0)
[2019.08.10-06.32.13:518][  0]LogD3D11RHI:       0/0/4067 MB DedicatedVideo/DedicatedSystem/SharedSystem, Outputs:0, VendorId:0x1414
[2019.08.10-06.32.13:518][  0]LogD3D11RHI: Chosen D3D11 Adapter: 0
[2019.08.10-06.32.13:521][  0]LogD3D11RHI: Creating new Direct3DDevice
[2019.08.10-06.32.13:521][  0]LogD3D11RHI:     GPU DeviceId: 0x6819 (for the marketing name, search the web for "GPU Device Id")
[2019.08.10-06.32.13:521][  0]LogWindows: EnumDisplayDevices:
[2019.08.10-06.32.13:521][  0]LogWindows:    0. 'AMD Radeon(TM) R9 370 series' (P:1 D:1)
[2019.08.10-06.32.13:522][  0]LogWindows:    1. 'AMD Radeon(TM) R9 370 series' (P:0 D:1)
[2019.08.10-06.32.13:522][  0]LogWindows:    2. 'AMD Radeon(TM) R9 370 series' (P:0 D:0)
[2019.08.10-06.32.13:522][  0]LogWindows:    3. 'AMD Radeon(TM) R9 370 series' (P:0 D:0)
[2019.08.10-06.32.13:522][  0]LogWindows:    4. 'AMD Radeon(TM) R9 370 series' (P:0 D:0)
[2019.08.10-06.32.13:523][  0]LogWindows:    5. 'AMD Radeon(TM) R9 370 series' (P:0 D:0)
[2019.08.10-06.32.13:523][  0]LogWindows:    6. 'AMD Radeon(TM) R9 370 series' (P:0 D:0)
[2019.08.10-06.32.13:523][  0]LogWindows:    7. 'AMD Radeon(TM) R9 370 series' (P:0 D:0)
[2019.08.10-06.32.13:524][  0]LogWindows: DebugString: FoundDriverCount:8 
[2019.08.10-06.32.13:524][  0]LogD3D11RHI:     Adapter Name: AMD Radeon(TM) R9 370 series
[2019.08.10-06.32.13:524][  0]LogD3D11RHI:   Driver Version: Adrenalin 2019 19.5.2 (internal:26.20.11015.5009, unified:26.20.11015.5009)
[2019.08.10-06.32.13:524][  0]LogD3D11RHI:      Driver Date: 5-22-2019
[2019.08.10-06.32.13:524][  0]LogRHI: Texture pool is 1419 MB (70% of 2028 MB)
[2019.08.10-06.32.13:546][  0]LogD3D11RHI: Async texture creation enabled
[2019.08.10-06.32.13:550][  0]LogRendererCore: FGlobalReadBuffer::InitRHI
[2019.08.10-06.32.13:551][  0]LogRendererCore: FGlobalReadBuffer::InitRHI
[2019.08.10-06.32.13:551][  0]LogRendererCore: FGlobalReadBuffer::InitRHI
[2019.08.10-06.32.13:558][  0]LogD3D11RHI: GPU Timing Frequency: 27.000000 (Debug: 2 1)
[2019.08.10-06.32.13:826][  0]LogTemp: Display: Module 'AllDesktopTargetPlatform' loaded TargetPlatform 'AllDesktop'
[2019.08.10-06.32.13:841][  0]LogTemp: Display: Module 'MacClientTargetPlatform' loaded TargetPlatform 'MacClient'
[2019.08.10-06.32.13:856][  0]LogTemp: Display: Module 'MacNoEditorTargetPlatform' loaded TargetPlatform 'MacNoEditor'
[2019.08.10-06.32.13:870][  0]LogTemp: Display: Module 'MacServerTargetPlatform' loaded TargetPlatform 'MacServer'
[2019.08.10-06.32.13:884][  0]LogTemp: Display: Module 'MacTargetPlatform' loaded TargetPlatform 'Mac'
[2019.08.10-06.32.13:899][  0]LogTemp: Display: Module 'WindowsClientTargetPlatform' loaded TargetPlatform 'WindowsClient'
[2019.08.10-06.32.13:913][  0]LogTemp: Display: Module 'WindowsNoEditorTargetPlatform' loaded TargetPlatform 'WindowsNoEditor'
[2019.08.10-06.32.13:928][  0]LogTemp: Display: Module 'WindowsServerTargetPlatform' loaded TargetPlatform 'WindowsServer'
[2019.08.10-06.32.13:935][  0]LogTemp: Display: Module 'WindowsTargetPlatform' loaded TargetPlatform 'Windows'
[2019.08.10-06.32.14:018][  0]LogTemp: Display: Module 'AndroidTargetPlatform' loaded TargetPlatform 'Android'
[2019.08.10-06.32.14:018][  0]LogTemp: Display: Module 'AndroidTargetPlatform' loaded TargetPlatform 'Android_ASTC'
[2019.08.10-06.32.14:018][  0]LogTemp: Display: Module 'AndroidTargetPlatform' loaded TargetPlatform 'Android_ATC'
[2019.08.10-06.32.14:018][  0]LogTemp: Display: Module 'AndroidTargetPlatform' loaded TargetPlatform 'Android_DXT'
[2019.08.10-06.32.14:018][  0]LogTemp: Display: Module 'AndroidTargetPlatform' loaded TargetPlatform 'Android_ETC1'
[2019.08.10-06.32.14:018][  0]LogTemp: Display: Module 'AndroidTargetPlatform' loaded TargetPlatform 'Android_ETC1a'
[2019.08.10-06.32.14:018][  0]LogTemp: Display: Module 'AndroidTargetPlatform' loaded TargetPlatform 'Android_ETC2'
[2019.08.10-06.32.14:018][  0]LogTemp: Display: Module 'AndroidTargetPlatform' loaded TargetPlatform 'Android_PVRTC'
[2019.08.10-06.32.14:018][  0]LogTemp: Display: Module 'AndroidTargetPlatform' loaded TargetPlatform 'AndroidClient'
[2019.08.10-06.32.14:018][  0]LogTemp: Display: Module 'AndroidTargetPlatform' loaded TargetPlatform 'Android_ASTCClient'
[2019.08.10-06.32.14:018][  0]LogTemp: Display: Module 'AndroidTargetPlatform' loaded TargetPlatform 'Android_ATCClient'
[2019.08.10-06.32.14:018][  0]LogTemp: Display: Module 'AndroidTargetPlatform' loaded TargetPlatform 'Android_DXTClient'
[2019.08.10-06.32.14:018][  0]LogTemp: Display: Module 'AndroidTargetPlatform' loaded TargetPlatform 'Android_ETC1Client'
[2019.08.10-06.32.14:018][  0]LogTemp: Display: Module 'AndroidTargetPlatform' loaded TargetPlatform 'Android_ETC1aClient'
[2019.08.10-06.32.14:018][  0]LogTemp: Display: Module 'AndroidTargetPlatform' loaded TargetPlatform 'Android_ETC2Client'
[2019.08.10-06.32.14:018][  0]LogTemp: Display: Module 'AndroidTargetPlatform' loaded TargetPlatform 'Android_PVRTCClient'
[2019.08.10-06.32.14:018][  0]LogTemp: Display: Module 'AndroidTargetPlatform' loaded TargetPlatform 'Android_Multi'
[2019.08.10-06.32.14:018][  0]LogTemp: Display: Module 'AndroidTargetPlatform' loaded TargetPlatform 'Android_MultiClient'
[2019.08.10-06.32.14:019][  0]LogTemp: Display: Module 'HTML5TargetPlatform' loaded TargetPlatform 'HTML5'
[2019.08.10-06.32.14:069][  0]LogTemp: Display: Module 'IOSTargetPlatform' loaded TargetPlatform 'IOSClient'
[2019.08.10-06.32.14:069][  0]LogTemp: Display: Module 'IOSTargetPlatform' loaded TargetPlatform 'IOS'
[2019.08.10-06.32.14:094][  0]LogTemp: Display: Module 'TVOSTargetPlatform' loaded TargetPlatform 'TVOSClient'
[2019.08.10-06.32.14:094][  0]LogTemp: Display: Module 'TVOSTargetPlatform' loaded TargetPlatform 'TVOS'
[2019.08.10-06.32.14:107][  0]LogTemp: Display: Module 'LinuxClientTargetPlatform' loaded TargetPlatform 'LinuxClient'
[2019.08.10-06.32.14:120][  0]LogTemp: Display: Module 'LinuxNoEditorTargetPlatform' loaded TargetPlatform 'LinuxNoEditor'
[2019.08.10-06.32.14:132][  0]LogTemp: Display: Module 'LinuxServerTargetPlatform' loaded TargetPlatform 'LinuxServer'
[2019.08.10-06.32.14:146][  0]LogTemp: Display: Module 'LinuxTargetPlatform' loaded TargetPlatform 'Linux'
[2019.08.10-06.32.14:193][  0]LogTemp: Display: Module 'LuminTargetPlatform' loaded TargetPlatform 'Lumin'
[2019.08.10-06.32.14:193][  0]LogTemp: Display: Module 'LuminTargetPlatform' loaded TargetPlatform 'LuminClient'
[2019.08.10-06.32.14:193][  0]LogTargetPlatformManager: Display: Building Assets For Windows
[2019.08.10-06.32.14:201][  0]LogAudioDebug: Display: Lib vorbis DLL was dynamically loaded.
[2019.08.10-06.32.14:243][  0]LogShaderCompilers: Guid format shader working directory is -25 characters bigger than the processId version (../../../../../../Users/WIRGY/Documents/GitHub/howext/Intermediate/Shaders/WorkingDirectory/7836/).
[2019.08.10-06.32.14:243][  0]LogShaderCompilers: Cleaned the shader compiler working directory 'C:/Windows/Temp/UnrealShaderWorkingDir/AD7739DA4F0DAABC74F9D48CA423CF55/'.
[2019.08.10-06.32.14:257][  0]LogShaderCompilers: Display: Using XGE Shader Compiler (Interception Interface).
[2019.08.10-06.32.14:818][  0]LogDerivedDataCache: Display: Max Cache Size: 512 MB
[2019.08.10-06.32.14:865][  0]LogDerivedDataCache: Loaded boot cache 0.05s 71MB C:/Users/WIRGY/AppData/Local/UnrealEngine/4.22/DerivedDataCache/Boot.ddc.
[2019.08.10-06.32.14:865][  0]LogDerivedDataCache: Display: Loaded Boot cache: C:/Users/WIRGY/AppData/Local/UnrealEngine/4.22/DerivedDataCache/Boot.ddc
[2019.08.10-06.32.14:865][  0]LogDerivedDataCache: FDerivedDataBackendGraph:  Pak pak cache file ../../../../../../Users/WIRGY/Documents/GitHub/howext/DerivedDataCache/DDC.ddp not found, will not use a pak cache.
[2019.08.10-06.32.14:865][  0]LogDerivedDataCache: Unable to find inner node Pak for hierarchical cache Hierarchy.
[2019.08.10-06.32.14:865][  0]LogDerivedDataCache: FDerivedDataBackendGraph:  CompressedPak pak cache file ../../../../../../Users/WIRGY/Documents/GitHub/howext/DerivedDataCache/Compressed.ddp not found, will not use a pak cache.
[2019.08.10-06.32.14:865][  0]LogDerivedDataCache: Unable to find inner node CompressedPak for hierarchical cache Hierarchy.
[2019.08.10-06.32.14:877][  0]LogDerivedDataCache: Display: Pak cache opened for reading ../../../Engine/DerivedDataCache/Compressed.ddp.
[2019.08.10-06.32.14:877][  0]LogDerivedDataCache: FDerivedDataBackendGraph:  EnterprisePak pak cache file ../../../Enterprise/DerivedDataCache/Compressed.ddp not found, will not use a pak cache.
[2019.08.10-06.32.14:877][  0]LogDerivedDataCache: Unable to find inner node EnterprisePak for hierarchical cache Hierarchy.
[2019.08.10-06.32.14:889][  0]LogDerivedDataCache: Using Local data cache path C:/Users/WIRGY/AppData/Local/UnrealEngine/Common/DerivedDataCache: Writable
[2019.08.10-06.32.14:889][  0]LogDerivedDataCache: Shared data cache path not found in *engine.ini, will not use an Shared cache.
[2019.08.10-06.32.14:889][  0]LogDerivedDataCache: Unable to find inner node Shared for hierarchical cache Hierarchy.
[2019.08.10-06.32.14:914][  0]LogMaterial: Verifying Global Shaders for PCD3D_SM5
[2019.08.10-06.32.14:915][  0]LogSlate: Using FreeType 2.6.0
[2019.08.10-06.32.14:916][  0]LogSlate: SlateFontServices - WITH_FREETYPE: 1, WITH_HARFBUZZ: 1
[2019.08.10-06.32.14:994][  0]LogAssetRegistry: FAssetRegistry took 0.0342 seconds to start up
[2019.08.10-06.32.15:353][  0]LogInit: Selected Device Profile: [Windows]
[2019.08.10-06.32.15:485][  0]LogMeshReduction: Using QuadricMeshReduction for automatic static mesh reduction
[2019.08.10-06.32.15:485][  0]LogMeshReduction: Using SimplygonMeshReduction for automatic skeletal mesh reduction
[2019.08.10-06.32.15:485][  0]LogMeshReduction: Using ProxyLODMeshReduction for automatic mesh merging
[2019.08.10-06.32.15:485][  0]LogMeshReduction: No distributed automatic mesh merging module available
[2019.08.10-06.32.15:485][  0]LogMeshMerging: No distributed automatic mesh merging module available
[2019.08.10-06.32.15:499][  0]LogNetVersion: Howext 1.0.0, NetCL: 5660361, EngineNetVer: 10, GameNetVer: 0 (Checksum: 3108297404)
[2019.08.10-06.32.15:937][  0]LogPackageLocalizationCache: Processed 10 localized package path(s) for 1 prioritized culture(s) in 0.079811 seconds
[2019.08.10-06.32.15:943][  0]LogUObjectArray: 42205 objects as part of root set at end of initial load.
[2019.08.10-06.32.15:943][  0]LogUObjectAllocator: 7325032 out of 0 bytes used by permanent object pool.
[2019.08.10-06.32.15:943][  0]LogUObjectArray: CloseDisregardForGC: 0/0 objects in disregard for GC pool
[2019.08.10-06.32.16:694][  0]LogTcpMessaging: Initializing TcpMessaging bridge
[2019.08.10-06.32.16:708][  0]LogUdpMessaging: Initializing bridge on interface 0.0.0.0:0 to multicast group 230.0.0.1:6666.
[2019.08.10-06.32.16:811][  0]SourceControl: Source control is disabled
[2019.08.10-06.32.16:811][  0]SourceControl: Source control is disabled
[2019.08.10-06.32.16:812][  0]SourceControl: Source control is disabled
[2019.08.10-06.32.16:813][  0]SourceControl: Source control is disabled
[2019.08.10-06.32.16:876][  0]LogAndroidPermission: UAndroidPermissionCallbackProxy::GetInstance
[2019.08.10-06.32.16:963][  0]LogOcInput: OculusInput pre-init called
[2019.08.10-06.32.17:567][  0]LogEngine: Initializing Engine...
[2019.08.10-06.32.17:567][  0]LogHMD: Failed to initialize OpenVR with code 110
[2019.08.10-06.32.17:568][  0]LogStats: UGameplayTagsManager::InitializeManager -  0.000 s
[2019.08.10-06.32.17:781][  0]LogInit: Initializing FReadOnlyCVARCache
[2019.08.10-06.32.17:797][  0]LogAIModule: Creating AISystem for world Untitled
[2019.08.10-06.32.17:833][  0]LogInit: XAudio2 using 'Динамики (Realtek High Definition Audio)' : 2 channels at 48 kHz using 32 bits per sample (channel mask 0x3)
[2019.08.10-06.32.17:855][  0]LogInit: FAudioDevice initialized.
[2019.08.10-06.32.17:855][  0]LogNetVersion: Set ProjectVersion to 1.0.0.0. Version Checksum will be recalculated on next use.
[2019.08.10-06.32.18:466][  0]LogDerivedDataCache: Saved boot cache 0.61s 71MB C:/Users/WIRGY/AppData/Local/UnrealEngine/4.22/DerivedDataCache/Boot.ddc.
[2019.08.10-06.32.18:473][  0]LogInit: Texture streaming: Enabled
[2019.08.10-06.32.18:490][  0]LogEngineSessionManager: EngineSessionManager initialized
[2019.08.10-06.32.18:518][  0]LogInit: Transaction tracking system initialized
[2019.08.10-06.32.18:540][  0]BlueprintLog: New page: Editor Load
[2019.08.10-06.32.18:616][  0]LocalizationService: Localization service is disabled
[2019.08.10-06.32.19:345][  0]LogFileCache: Scanning file cache for directory 'C:/Users/WIRGY/Documents/GitHub/howext/Content/' took 0.17s
[2019.08.10-06.32.19:345][  0]LogCook: Display: Max memory allowance for cook 16384mb min free memory 0mb
[2019.08.10-06.32.19:345][  0]LogCook: Display: Mobile HDR setting 1
[2019.08.10-06.32.19:524][  0]SourceControl: Source control is disabled
[2019.08.10-06.32.19:524][  0]Cmd: MAP LOAD FILE="../../../../../../Users/WIRGY/Documents/GitHub/howext/Content/Assets/Maps/NewMap.umap" TEMPLATE=0 SHOWPROGRESS=1 FEATURELEVEL=3
[2019.08.10-06.32.19:524][  0]LightingResults: New page: Lighting Build
[2019.08.10-06.32.19:527][  0]MapCheck: New page: Map Check
[2019.08.10-06.32.19:527][  0]LightingResults: New page: Lighting Build
[2019.08.10-06.32.19:549][  0]LogUObjectHash: Compacting FUObjectHashTables data took   1.74ms
[2019.08.10-06.32.21:173][  0]LogLinker: Warning: Can't find file '/Game/Environment/Textures/holo_layer_1_5'
[2019.08.10-06.32.21:173][  0]LogLinker: Warning: Can't find file for asset '/Game/Environment/Textures/holo_layer_1_5' while loading NULL.
[2019.08.10-06.32.21:174][  0]LogLinker: Warning: The file '../../../../../../Users/WIRGY/Documents/GitHub/howext/Content/Weapons/Textures/SightLens_maskA.uasset' contains unrecognizable data, check that it is of the expected type.
[2019.08.10-06.32.21:174][  0]LogLinker: Warning: The file '../../../../../../Users/WIRGY/Documents/GitHub/howext/Content/Weapons/Textures/SightLens_maskA.uasset' contains unrecognizable data, check that it is of the expected type.
[2019.08.10-06.32.21:174][  0]LogLinker: Warning: The file '../../../../../../Users/WIRGY/Documents/GitHub/howext/Content/Weapons/Textures/SightLens_maskB.uasset' contains unrecognizable data, check that it is of the expected type.
[2019.08.10-06.32.21:174][  0]LogLinker: Warning: The file '../../../../../../Users/WIRGY/Documents/GitHub/howext/Content/Weapons/Textures/SightLens_maskB.uasset' contains unrecognizable data, check that it is of the expected type.
[2019.08.10-06.32.21:174][  0]LogLinker: Warning: Can't find file '/Game/Environment/Textures/holo_layer_1_5'
[2019.08.10-06.32.21:174][  0]LogLinker: Warning: Can't find file for asset '/Game/Environment/Textures/holo_layer_1_5' while loading NULL.
[2019.08.10-06.32.21:174][  0]LogLinker: Warning: The file '../../../../../../Users/WIRGY/Documents/GitHub/howext/Content/Weapons/Textures/SightLens_maskA.uasset' contains unrecognizable data, check that it is of the expected type.
[2019.08.10-06.32.21:174][  0]LogLinker: Warning: The file '../../../../../../Users/WIRGY/Documents/GitHub/howext/Content/Weapons/Textures/SightLens_maskA.uasset' contains unrecognizable data, check that it is of the expected type.
[2019.08.10-06.32.21:175][  0]LogLinker: Warning: The file '../../../../../../Users/WIRGY/Documents/GitHub/howext/Content/Weapons/Textures/SightLens_maskB.uasset' contains unrecognizable data, check that it is of the expected type.
[2019.08.10-06.32.21:175][  0]LogLinker: Warning: The file '../../../../../../Users/WIRGY/Documents/GitHub/howext/Content/Weapons/Textures/SightLens_maskB.uasset' contains unrecognizable data, check that it is of the expected type.
[2019.08.10-06.32.21:858][  0]LogBlueprint: Error: [Compiler BP_BaseHUD] COMPILER ERROR: failed building connection with 'W Tab Menu Object Reference is not compatible with W HUD Object Reference.' at  Create Widget
[2019.08.10-06.32.22:013][  0]LogBlueprint: Warning: [Compiler BP_BaseHUD] [0011,07] Compile of BP_BaseHUD failed. 1 Fatal Issue(s) 0 Warning(s) [in 321 ms] (/Game/Blueprints/Game/BP_BaseHUD.BP_BaseHUD)
[2019.08.10-06.32.22:290][  0]LogLinker: Warning: Can't find file '/Game/Environment/Textures/holo_layer_1_5'
[2019.08.10-06.32.22:290][  0]LoadErrors: Failed to load /Game/Environment/Textures/holo_layer_1_5.holo_layer_1_5 Referenced by MaterialExpressionTextureSample_11
[2019.08.10-06.32.22:291][  0]LogLinker: Warning: Can't find file for asset '/Game/Environment/Textures/holo_layer_1_5' while loading NULL.
[2019.08.10-06.32.22:291][  0]LogLinker: Warning: The file '../../../../../../Users/WIRGY/Documents/GitHub/howext/Content/Weapons/Textures/SightLens_maskB.uasset' contains unrecognizable data, check that it is of the expected type.
[2019.08.10-06.32.22:291][  0]LogLinker: Warning: The file '../../../../../../Users/WIRGY/Documents/GitHub/howext/Content/Weapons/Textures/SightLens_maskB.uasset' contains unrecognizable data, check that it is of the expected type.
[2019.08.10-06.32.22:291][  0]LogLinker: Warning: The file '../../../../../../Users/WIRGY/Documents/GitHub/howext/Content/Weapons/Textures/SightLens_maskA.uasset' contains unrecognizable data, check that it is of the expected type.
[2019.08.10-06.32.22:291][  0]LogLinker: Warning: The file '../../../../../../Users/WIRGY/Documents/GitHub/howext/Content/Weapons/Textures/SightLens_maskA.uasset' contains unrecognizable data, check that it is of the expected type.
[2019.08.10-06.32.22:291][  0]LogLinker: Warning: The file '../../../../../../Users/WIRGY/Documents/GitHub/howext/Content/Weapons/Textures/SightLens_maskB.uasset' contains unrecognizable data, check that it is of the expected type.
[2019.08.10-06.32.22:292][  0]LogLinker: Warning: The file '../../../../../../Users/WIRGY/Documents/GitHub/howext/Content/Weapons/Textures/SightLens_maskB.uasset' contains unrecognizable data, check that it is of the expected type.
[2019.08.10-06.32.22:292][  0]LogLinker: Warning: The file '../../../../../../Users/WIRGY/Documents/GitHub/howext/Content/Weapons/Textures/SightLens_maskB.uasset' contains unrecognizable data, check that it is of the expected type.
[2019.08.10-06.32.22:292][  0]LogLinker: Warning: The file '../../../../../../Users/WIRGY/Documents/GitHub/howext/Content/Weapons/Textures/SightLens_maskB.uasset' contains unrecognizable data, check that it is of the expected type.
[2019.08.10-06.32.22:840][  0]LogMaterial: Display: Missing cached shader map for material M_WeaponMaster, compiling. 
[2019.08.10-06.32.23:011][  0]LogMaterial: Display: Missing cached shader map for material MagGun_SightLens_Mat, compiling. 
[2019.08.10-06.32.23:011][  0]LogMaterial: Warning: C:\Users\WIRGY\Documents\GitHub\howext\Content\Weapons\Materials\MagGun_SightLens_Mat.uasset: Failed to compile Material for platform PCD3D_SM5, Default Material will be used in game.
[2019.08.10-06.32.23:011][  0]LogMaterial: 	(Node TextureSample) Texture Sample> Missing input texture
[2019.08.10-06.32.23:015][  0]LogMaterial: Display: Missing cached shader map for material MagGun_MatB, compiling. 
[2019.08.10-06.32.23:021][  0]LogMaterial: Warning: C:\Users\WIRGY\Documents\GitHub\howext\Content\Weapons\Materials\MagGun_MatB.uasset: Failed to compile Material for platform PCD3D_SM5, Default Material will be used in game.
[2019.08.10-06.32.23:021][  0]LogMaterial: 	(Node TextureObject) Texture Object> Requires valid texture
[2019.08.10-06.32.23:021][  0]LogMaterial: 	Function MatLayerBlend_Decal: (Node MakeMaterialAttributes) Error on property Normal
[2019.08.10-06.32.23:021][  0]LogMaterial: 	(Node TextureSampleParameter2D) Param2D> Requires Texture2D
[2019.08.10-06.32.23:021][  0]LogMaterial: 	Function MatLayerBlend_Emissive: (Node MakeMaterialAttributes) Error on property EmissiveColor
[2019.08.10-06.32.23:021][  0]LogMaterial: 	Function ML_Metal_Copper: (Node TextureSample) BaseColor in RGB Roughness in Alpha> Missing input texture
[2019.08.10-06.32.23:021][  0]LogMaterial: 	Function ML_Metal_Copper: (Node MakeMaterialAttributes) Error on property BaseColor
[2019.08.10-06.32.23:021][  0]LogMaterial: 	Function MatLayerBlend_Decal: (Node MakeMaterialAttributes) Error on property BaseColor
[2019.08.10-06.32.23:021][  0]LogMaterial: 	Function MatLayerBlend_Decal: (Node MakeMaterialAttributes) Error on property Metallic
[2019.08.10-06.32.23:021][  0]LogMaterial: 	Function ML_Metal_Copper: (Node MakeMaterialAttributes) Error on property Roughness
[2019.08.10-06.32.23:021][  0]LogMaterial: 	Function MatLayerBlend_Decal: (Node MakeMaterialAttributes) Error on property Roughness
[2019.08.10-06.32.23:027][  0]LogMaterial: Display: Missing cached shader map for material HeroTPP, compiling. 
[2019.08.10-06.32.23:032][  0]LogMaterial: Warning: C:\Users\WIRGY\Documents\GitHub\howext\Content\Assets\Characters\Materials\HeroTPP.uasset: Failed to compile Material for platform PCD3D_SM5, Default Material will be used in game.
[2019.08.10-06.32.23:032][  0]LogMaterial: 	Function ML_Base: (Node TextureSample) Texture Sample> Missing input texture
[2019.08.10-06.32.23:032][  0]LogMaterial: 	Function ML_Base: (Node MakeMaterialAttributes) Error on property Normal
[2019.08.10-06.32.23:032][  0]LogMaterial: 	Function ML_Rubber_dark: (Node TextureSample) Texture Sample> Missing input texture
[2019.08.10-06.32.23:032][  0]LogMaterial: 	Function ML_Rubber_dark: (Node MakeMaterialAttributes) Error on property Normal
[2019.08.10-06.32.23:055][  0]LogMaterial: Display: Missing cached shader map for material MagGun_MatA, compiling. 
[2019.08.10-06.32.23:061][  0]LogMaterial: Warning: C:\Users\WIRGY\Documents\GitHub\howext\Content\Weapons\Materials\MagGun_MatA.uasset: Failed to compile Material for platform PCD3D_SM5, Default Material will be used in game.
[2019.08.10-06.32.23:061][  0]LogMaterial: 	(Node TextureObject) Texture Object> Requires valid texture
[2019.08.10-06.32.23:061][  0]LogMaterial: 	Function MatLayerBlend_Decal: (Node MakeMaterialAttributes) Error on property Normal
[2019.08.10-06.32.23:061][  0]LogMaterial: 	Function ML_Metal_Copper: (Node TextureSample) BaseColor in RGB Roughness in Alpha> Missing input texture
[2019.08.10-06.32.23:061][  0]LogMaterial: 	Function ML_Metal_Copper: (Node MakeMaterialAttributes) Error on property BaseColor
[2019.08.10-06.32.23:061][  0]LogMaterial: 	Function MatLayerBlend_Decal: (Node MakeMaterialAttributes) Error on property BaseColor
[2019.08.10-06.32.23:061][  0]LogMaterial: 	Function MatLayerBlend_Decal: (Node MakeMaterialAttributes) Error on property Metallic
[2019.08.10-06.32.23:061][  0]LogMaterial: 	Function ML_Metal_Copper: (Node MakeMaterialAttributes) Error on property Roughness
[2019.08.10-06.32.23:061][  0]LogMaterial: 	Function MatLayerBlend_Decal: (Node MakeMaterialAttributes) Error on property Roughness
[2019.08.10-06.32.23:228][  0]LogAIModule: Creating AISystem for world NewMap
[2019.08.10-06.32.23:393][  0]LogEditorServer: Finished looking for orphan Actors (0.000 secs)
[2019.08.10-06.32.23:423][  0]LogUObjectHash: Compacting FUObjectHashTables data took   2.78ms
[2019.08.10-06.32.23:424][  0]Cmd: MAP CHECKDEP NOCLEARLOG
[2019.08.10-06.32.23:424][  0]MapCheck: Map check complete: 0 Error(s), 0 Warning(s), took 0,115ms to complete.
[2019.08.10-06.32.23:424][  0]LogFileHelpers: Loading map 'NewMap' took 3.900
[2019.08.10-06.32.24:413][  0]LogSlate: Updating window title bar state: overlay mode, drag disabled, window buttons hidden, title bar hidden
[2019.08.10-06.32.24:422][  0]LogSlate: Updating window title bar state: overlay mode, drag disabled, window buttons hidden, title bar hidden
[2019.08.10-06.32.24:430][  0]LogSlate: Updating window title bar state: overlay mode, drag disabled, window buttons hidden, title bar hidden
[2019.08.10-06.32.24:438][  0]LogSlate: Updating window title bar state: overlay mode, drag disabled, window buttons hidden, title bar hidden
[2019.08.10-06.32.24:682][  0]LogCollectionManager: Loaded 0 collections in 0.020053 seconds
[2019.08.10-06.32.25:017][  0]LogFileCache: Scanning file cache for directory 'C:/Users/WIRGY/Documents/GitHub/howext/Saved/Collections/' took 0.01s
[2019.08.10-06.32.25:017][  0]LogFileCache: Scanning file cache for directory 'C:/Users/WIRGY/Documents/GitHub/howext/Content/Developers/WIRGY/Collections/' took 0.00s
[2019.08.10-06.32.25:017][  0]LogFileCache: Scanning file cache for directory 'C:/Users/WIRGY/Documents/GitHub/howext/Content/Collections/' took 0.00s
[2019.08.10-06.32.25:017][  0]LogCollectionManager: Rebuilt the GUID cache for 0 collections in 0.000000 seconds
[2019.08.10-06.32.25:058][  0]LogContentBrowser: Native class hierarchy populated in 0.0379 seconds. Added 2732 classes and 659 folders.
[2019.08.10-06.32.25:183][  0]LogContentBrowser: Native class hierarchy updated for 'WidgetCarousel' in 0.0002 seconds. Added 0 classes and 0 folders.
[2019.08.10-06.32.25:294][  0]LogPakFile: Registered encryption key '00000000000000000000000000000000': 0 pak files mounted, 0 remain pending
[2019.08.10-06.32.25:340][  0]LogPakFile: Registered encryption key '00000000000000000000000000000000': 0 pak files mounted, 0 remain pending
[2019.08.10-06.32.25:445][  0]LogPakFile: Registered encryption key '00000000000000000000000000000000': 0 pak files mounted, 0 remain pending
[2019.08.10-06.32.25:481][  0]LogPakFile: Registered encryption key '00000000000000000000000000000000': 0 pak files mounted, 0 remain pending
[2019.08.10-06.32.25:483][  0]LogPakFile: Registered encryption key '00000000000000000000000000000000': 0 pak files mounted, 0 remain pending
[2019.08.10-06.32.25:486][  0]LogPakFile: Registered encryption key '00000000000000000000000000000000': 0 pak files mounted, 0 remain pending
[2019.08.10-06.32.25:488][  0]LogPakFile: Registered encryption key '00000000000000000000000000000000': 0 pak files mounted, 0 remain pending
[2019.08.10-06.32.25:489][  0]LogPakFile: Registered encryption key '00000000000000000000000000000000': 0 pak files mounted, 0 remain pending
[2019.08.10-06.32.25:491][  0]LogPakFile: Registered encryption key '00000000000000000000000000000000': 0 pak files mounted, 0 remain pending
[2019.08.10-06.32.25:493][  0]LogPakFile: Registered encryption key '00000000000000000000000000000000': 0 pak files mounted, 0 remain pending
[2019.08.10-06.32.25:495][  0]LogPakFile: Registered encryption key '00000000000000000000000000000000': 0 pak files mounted, 0 remain pending
[2019.08.10-06.32.25:496][  0]LogPakFile: Registered encryption key '00000000000000000000000000000000': 0 pak files mounted, 0 remain pending
[2019.08.10-06.32.25:497][  0]LogPakFile: Registered encryption key '00000000000000000000000000000000': 0 pak files mounted, 0 remain pending
[2019.08.10-06.32.25:499][  0]LogPakFile: Registered encryption key '00000000000000000000000000000000': 0 pak files mounted, 0 remain pending
[2019.08.10-06.32.25:501][  0]LogPakFile: Registered encryption key '00000000000000000000000000000000': 0 pak files mounted, 0 remain pending
[2019.08.10-06.32.25:502][  0]LogPakFile: Registered encryption key '00000000000000000000000000000000': 0 pak files mounted, 0 remain pending
[2019.08.10-06.32.25:503][  0]LogPakFile: Registered encryption key '00000000000000000000000000000000': 0 pak files mounted, 0 remain pending
[2019.08.10-06.32.25:505][  0]LogPakFile: Registered encryption key '00000000000000000000000000000000': 0 pak files mounted, 0 remain pending
[2019.08.10-06.32.25:507][  0]LogPakFile: Registered encryption key '00000000000000000000000000000000': 0 pak files mounted, 0 remain pending
[2019.08.10-06.32.25:508][  0]LogPakFile: Registered encryption key '00000000000000000000000000000000': 0 pak files mounted, 0 remain pending
[2019.08.10-06.32.25:509][  0]LogPakFile: Registered encryption key '00000000000000000000000000000000': 0 pak files mounted, 0 remain pending
[2019.08.10-06.32.25:511][  0]LogPakFile: Registered encryption key '00000000000000000000000000000000': 0 pak files mounted, 0 remain pending
[2019.08.10-06.32.25:513][  0]LogPakFile: Registered encryption key '00000000000000000000000000000000': 0 pak files mounted, 0 remain pending
[2019.08.10-06.32.25:514][  0]LogPakFile: Registered encryption key '00000000000000000000000000000000': 0 pak files mounted, 0 remain pending
[2019.08.10-06.32.25:516][  0]LogPakFile: Registered encryption key '00000000000000000000000000000000': 0 pak files mounted, 0 remain pending
[2019.08.10-06.32.25:518][  0]LogPakFile: Registered encryption key '00000000000000000000000000000000': 0 pak files mounted, 0 remain pending
[2019.08.10-06.32.25:949][  0]LogContentBrowser: Native class hierarchy updated for 'AddContentDialog' in 0.0003 seconds. Added 0 classes and 0 folders.
[2019.08.10-06.32.25:998][  0]LogContentBrowser: Native class hierarchy updated for 'SceneOutliner' in 0.0003 seconds. Added 1 classes and 2 folders.
[2019.08.10-06.32.26:315][  0]LogSlate: Took 0.000129 seconds to synchronously load lazily loaded font '../../../Engine/Content/Slate/Fonts/Roboto-Regular.ttf' (155K)
[2019.08.10-06.32.26:317][  0]LogSlate: Took 0.000104 seconds to synchronously load lazily loaded font '../../../Engine/Content/Slate/Fonts/Roboto-Bold.ttf' (160K)
[2019.08.10-06.32.26:330][  0]LogSlate: Took 0.007538 seconds to synchronously load lazily loaded font '../../../Engine/Content/Editor/Slate/Fonts/FontAwesome.ttf' (139K)
[2019.08.10-06.32.26:564][  0]LogRenderer: Reallocating scene render targets to support 904x456 Format 10 NumSamples 1 (Frame:1).
[2019.08.10-06.32.27:048][  0]LogContentBrowser: Native class hierarchy updated for 'HierarchicalLODOutliner' in 0.0003 seconds. Added 0 classes and 0 folders.
[2019.08.10-06.32.27:050][  0]LogLoad: (Engine Initialization) Total time: 16.10 seconds
[2019.08.10-06.32.27:050][  0]LogLoad: (Engine Initialization) Total Blueprint compile time: 0.00 seconds
[2019.08.10-06.32.27:111][  0]LogAssetRegistry: Asset discovery search completed in 12.1392 seconds
[2019.08.10-06.32.27:113][  0]LogCollectionManager: Rebuilt the object cache for 0 collections in 0.000000 seconds (found 0 objects)
[2019.08.10-06.32.27:113][  0]LogCollectionManager: Fixed up redirectors for 0 collections in 0.000079 seconds (updated 0 objects)
[2019.08.10-06.32.27:145][  0]LogContentStreaming: Texture pool size now 1000 MB
[2019.08.10-06.32.27:156][  0]LogSlate: FSceneViewport::OnFocusLost() reason 2
[2019.08.10-06.32.27:214][  0]LogSlate: Took 0.006688 seconds to synchronously load lazily loaded font '../../../Engine/Content/Slate/Fonts/Roboto-Light.ttf' (167K)
[2019.08.10-06.36.53:830][737]LogSlate: FSceneViewport::OnFocusLost() reason 0
[2019.08.10-07.35.49:152][202]LogWindowsTextInputMethodSystem: Display: IME system now deactivated.
[2019.08.10-07.35.49:199][202]LogWindowsTextInputMethodSystem: Display: IME system now deactivated.
[2019.08.10-07.35.51:828][502]LogUObjectHash: Compacting FUObjectHashTables data took   0.88ms
[2019.08.10-07.35.52:045][502]LogSlate: Window 'Message Log' being destroyed
[2019.08.10-07.35.52:068][502]LogSlate: Window 'Howext - Unreal Editor' being destroyed
[2019.08.10-07.35.52:068][502]LogWindowsTextInputMethodSystem: Display: IME system now deactivated.
[2019.08.10-07.35.52:665][503]Cmd: QUIT_EDITOR
[2019.08.10-07.35.53:046][503]LogExit: Preparing to exit.
[2019.08.10-07.35.54:220][503]LogExit: Editor shut down
[2019.08.10-07.35.54:221][503]LogExit: Transaction tracking system shut down
[2019.08.10-07.35.56:848][503]LogExit: Object subsystem successfully closed.
[2019.08.10-07.35.57:345][503]LogShaderCompilers: Display: Shaders left to compile 0
[2019.08.10-07.35.57:469][503]LogD3D11RHI: Shutdown
[2019.08.10-07.35.57:469][503]LogD3D11RHI: CleanupD3DDevice
[2019.08.10-07.35.57:552][503]LogRendererCore: FGlobalReadBuffer::ReleaseRHI
[2019.08.10-07.35.57:552][503]LogRendererCore: FGlobalDynamicReadBuffer::Cleanup()
[2019.08.10-07.35.57:561][503]LogRendererCore: FGlobalReadBuffer::ReleaseRHI
[2019.08.10-07.35.57:561][503]LogRendererCore: FGlobalDynamicReadBuffer::Cleanup()
[2019.08.10-07.35.57:561][503]LogRendererCore: FGlobalReadBuffer::ReleaseRHI
[2019.08.10-07.35.57:561][503]LogRendererCore: FGlobalDynamicReadBuffer::Cleanup()
[2019.08.10-07.35.58:234][503]LogD3D11RHI: ~FD3D11DynamicRHI
[2019.08.10-07.36.01:289][503]LogModuleManager: Shutting down and abandoning module HierarchicalLODOutliner (642)
[2019.08.10-07.36.01:289][503]LogModuleManager: Shutting down and abandoning module SceneOutliner (640)
[2019.08.10-07.36.01:289][503]LogModuleManager: Shutting down and abandoning module AddContentDialog (638)
[2019.08.10-07.36.01:339][503]LogModuleManager: Shutting down and abandoning module WidgetCarousel (637)
[2019.08.10-07.36.01:339][503]LogModuleManager: Shutting down and abandoning module EditorWidgets (634)
[2019.08.10-07.36.01:339][503]LogModuleManager: Shutting down and abandoning module CollectionManager (632)
[2019.08.10-07.36.01:343][503]LogModuleManager: Shutting down and abandoning module StatsViewer (630)
[2019.08.10-07.36.01:369][503]LogModuleManager: Shutting down and abandoning module FoliageEdit (628)
[2019.08.10-07.36.01:512][503]LogModuleManager: Shutting down and abandoning module LandscapeEditor (626)
[2019.08.10-07.36.01:529][503]LogModuleManager: Shutting down and abandoning module MeshPaintMode (624)
[2019.08.10-07.36.01:556][503]LogModuleManager: Shutting down and abandoning module SceneDepthPickerMode (622)
[2019.08.10-07.36.01:556][503]LogModuleManager: Shutting down and abandoning module ActorPickerMode (620)
[2019.08.10-07.36.01:556][503]LogModuleManager: Shutting down and abandoning module GeometryMode (618)
[2019.08.10-07.36.01:556][503]LogModuleManager: Shutting down and abandoning module TextureAlignMode (616)
[2019.08.10-07.36.01:556][503]LogModuleManager: Shutting down and abandoning module BspMode (614)
[2019.08.10-07.36.01:556][503]LogModuleManager: Shutting down and abandoning module PIEPreviewDeviceProfileSelector (612)
[2019.08.10-07.36.01:618][503]LogModuleManager: Shutting down and abandoning module SequenceRecorderSections (610)
[2019.08.10-07.36.01:685][503]LogModuleManager: Shutting down and abandoning module AutomationWorker (608)
[2019.08.10-07.36.01:712][503]LogModuleManager: Shutting down and abandoning module OculusMR (606)
[2019.08.10-07.36.01:713][503]LogModuleManager: Shutting down and abandoning module AudioCaptureEditor (604)
[2019.08.10-07.36.01:720][503]LogModuleManager: Shutting down and abandoning module MatineeToLevelSequence (602)
[2019.08.10-07.36.01:763][503]LogModuleManager: Shutting down and abandoning module LevelSequenceEditor (600)
[2019.08.10-07.36.01:810][503]LogModuleManager: Shutting down and abandoning module PlacementMode (599)
[2019.08.10-07.36.01:810][503]LogModuleManager: Shutting down and abandoning module MaterialEditor (598)
[2019.08.10-07.36.01:906][503]LogModuleManager: Shutting down and abandoning module ActorSequenceEditor (594)
[2019.08.10-07.36.02:006][503]LogModuleManager: Shutting down and abandoning module WmfMediaFactory (592)
[2019.08.10-07.36.02:007][503]LogModuleManager: Shutting down and abandoning module WmfMediaEditor (590)
[2019.08.10-07.36.02:007][503]LogModuleManager: Shutting down and abandoning module WebMMediaFactory (588)
[2019.08.10-07.36.02:007][503]LogModuleManager: Shutting down and abandoning module WebMMediaEditor (586)
[2019.08.10-07.36.02:007][503]LogModuleManager: Shutting down and abandoning module WebMMedia (584)
[2019.08.10-07.36.02:019][503]LogModuleManager: Shutting down and abandoning module MediaPlayerEditor (582)
[2019.08.10-07.36.02:048][503]LogModuleManager: Shutting down and abandoning module MediaCompositingEditor (580)
[2019.08.10-07.36.02:076][503]LogModuleManager: Shutting down and abandoning module SequenceRecorder (579)
[2019.08.10-07.36.02:076][503]LogModuleManager: Shutting down and abandoning module OpenExrWrapper (576)
[2019.08.10-07.36.02:076][503]LogModuleManager: Shutting down and abandoning module ImgMediaFactory (574)
[2019.08.10-07.36.02:076][503]LogModuleManager: Shutting down and abandoning module ImgMediaEditor (572)
[2019.08.10-07.36.02:076][503]LogModuleManager: Shutting down and abandoning module AvfMediaFactory (570)
[2019.08.10-07.36.02:076][503]LogModuleManager: Shutting down and abandoning module AvfMediaEditor (568)
[2019.08.10-07.36.02:076][503]LogModuleManager: Shutting down and abandoning module AndroidMediaFactory (566)
[2019.08.10-07.36.02:076][503]LogModuleManager: Shutting down and abandoning module AndroidMediaEditor (564)
[2019.08.10-07.36.02:076][503]LogModuleManager: Shutting down and abandoning module MagicLeapCameraPreviewFactory (562)
[2019.08.10-07.36.02:076][503]LogModuleManager: Shutting down and abandoning module MagicLeapMediaCodecFactory (560)
[2019.08.10-07.36.02:076][503]LogModuleManager: Shutting down and abandoning module MagicLeapMediaFactory (558)
[2019.08.10-07.36.02:076][503]LogModuleManager: Shutting down and abandoning module MagicLeapMediaEditor (556)
[2019.08.10-07.36.02:076][503]LogModuleManager: Shutting down and abandoning module CharacterAI (554)
[2019.08.10-07.36.02:076][503]LogModuleManager: Shutting down and abandoning module SmartSnapping (552)
[2019.08.10-07.36.02:076][503]LogModuleManager: Shutting down and abandoning module SessionServices (550)
[2019.08.10-07.36.02:076][503]LogModuleManager: Shutting down and abandoning module MeshPaint (548)
[2019.08.10-07.36.02:110][503]LogModuleManager: Shutting down and abandoning module ViewportSnapping (546)
[2019.08.10-07.36.02:110][503]LogModuleManager: Shutting down and abandoning module ViewportInteraction (544)
[2019.08.10-07.36.02:110][503]LogModuleManager: Shutting down and abandoning module ClothPainter (542)
[2019.08.10-07.36.02:160][503]LogModuleManager: Shutting down and abandoning module SkeletalMeshEditor (541)
[2019.08.10-07.36.02:181][503]LogModuleManager: Shutting down and abandoning module LogVisualizer (538)
[2019.08.10-07.36.02:264][503]LogModuleManager: Shutting down and abandoning module IntroTutorials (536)
[2019.08.10-07.36.02:330][503]LogModuleManager: Shutting down and abandoning module GameProjectGeneration (535)
[2019.08.10-07.36.02:349][503]LogModuleManager: Shutting down and abandoning module LuminPlatformEditor (532)
[2019.08.10-07.36.02:349][503]LogModuleManager: Shutting down and abandoning module IOSPlatformEditor (530)
[2019.08.10-07.36.02:349][503]LogModuleManager: Shutting down and abandoning module HTML5PlatformEditor (528)
[2019.08.10-07.36.02:349][503]LogModuleManager: Shutting down and abandoning module AndroidPlatformEditor (526)
[2019.08.10-07.36.02:369][503]LogModuleManager: Shutting down and abandoning module AndroidDeviceDetection (525)
[2019.08.10-07.36.02:754][503]LogModuleManager: Shutting down and abandoning module WindowsPlatformEditor (522)
[2019.08.10-07.36.02:754][503]LogModuleManager: Shutting down and abandoning module LuminRuntimeSettings (520)
[2019.08.10-07.36.02:754][503]LogModuleManager: Shutting down and abandoning module IOSRuntimeSettings (518)
[2019.08.10-07.36.02:754][503]LogModuleManager: Shutting down and abandoning module AndroidRuntimeSettings (516)
[2019.08.10-07.36.02:754][503]LogModuleManager: Shutting down and abandoning module TimeManagementEditor (514)
[2019.08.10-07.36.02:754][503]LogModuleManager: Shutting down and abandoning module InputBindingEditor (512)
[2019.08.10-07.36.02:764][503]LogModuleManager: Shutting down and abandoning module MergeActors (510)
[2019.08.10-07.36.02:771][503]LogModuleManager: Shutting down and abandoning module LocalizationDashboard (508)
[2019.08.10-07.36.02:793][503]LogModuleManager: Shutting down and abandoning module LocalizationService (507)
[2019.08.10-07.36.02:811][503]LogModuleManager: Shutting down and abandoning module HardwareTargeting (504)
[2019.08.10-07.36.02:811][503]LogModuleManager: Shutting down and abandoning module DeviceProfileEditor (502)
[2019.08.10-07.36.02:817][503]LogModuleManager: Shutting down and abandoning module UndoHistory (500)
[2019.08.10-07.36.02:890][503]LogModuleManager: Shutting down and abandoning module XmlParser (498)
[2019.08.10-07.36.02:962][503]LogModuleManager: Shutting down and abandoning module Blutility (496)
[2019.08.10-07.36.02:966][503]LogModuleManager: Shutting down and abandoning module ProjectSettingsViewer (494)
[2019.08.10-07.36.02:966][503]LogModuleManager: Shutting down and abandoning module ProjectTargetPlatformEditor (493)
[2019.08.10-07.36.02:967][503]LogModuleManager: Shutting down and abandoning module EditorSettingsViewer (490)
[2019.08.10-07.36.02:967][503]LogModuleManager: Shutting down and abandoning module SettingsEditor (488)
[2019.08.10-07.36.03:056][503]LogModuleManager: Shutting down and abandoning module ProjectLauncher (486)
[2019.08.10-07.36.03:093][503]LogModuleManager: Shutting down and abandoning module SessionFrontend (484)
[2019.08.10-07.36.03:101][503]LogModuleManager: Shutting down and abandoning module ProfilerClient (482)
[2019.08.10-07.36.03:153][503]LogModuleManager: Shutting down and abandoning module DeviceManager (480)
[2019.08.10-07.36.03:192][503]LogModuleManager: Shutting down and abandoning module TargetDeviceServices (479)
[2019.08.10-07.36.03:256][503]LogModuleManager: Shutting down and abandoning module AutomationController (476)
[2019.08.10-07.36.03:311][503]LogModuleManager: Shutting down and abandoning module AutomationWindow (474)
[2019.08.10-07.36.03:359][503]LogModuleManager: Shutting down and abandoning module Layers (472)
[2019.08.10-07.36.03:440][503]LogModuleManager: Shutting down and abandoning module ComponentVisualizers (470)
[2019.08.10-07.36.03:440][503]LogModuleManager: Shutting down and abandoning module DetailCustomizations (468)
[2019.08.10-07.36.03:580][503]LogModuleManager: Shutting down and abandoning module PackagesDialog (466)
[2019.08.10-07.36.03:603][503]LogModuleManager: Shutting down and abandoning module AnimationBlueprintEditor (464)
[2019.08.10-07.36.03:872][503]LogModuleManager: Shutting down and abandoning module Persona (462)
[2019.08.10-07.36.03:940][503]LogModuleManager: Shutting down and abandoning module AdvancedPreviewScene (461)
[2019.08.10-07.36.03:940][503]LogModuleManager: Shutting down and abandoning module AnimGraph (459)
[2019.08.10-07.36.03:940][503]LogModuleManager: Shutting down and abandoning module Kismet (456)
[2019.08.10-07.36.04:053][503]LogModuleManager: Shutting down and abandoning module GraphEditor (454)
[2019.08.10-07.36.04:234][503]LogModuleManager: Shutting down and abandoning module ClassViewer (452)
[2019.08.10-07.36.04:234][503]LogModuleManager: Shutting down and abandoning module Toolbox (450)
[2019.08.10-07.36.04:234][503]LogModuleManager: Shutting down and abandoning module ModuleUI (448)
[2019.08.10-07.36.04:242][503]LogModuleManager: Shutting down and abandoning module MovieSceneTools (446)
[2019.08.10-07.36.04:265][503]LogModuleManager: Shutting down and abandoning module OutputLog (444)
[2019.08.10-07.36.04:265][503]LogModuleManager: Shutting down and abandoning module GammaUI (442)
[2019.08.10-07.36.04:288][503]LogModuleManager: Shutting down and abandoning module Documentation (440)
[2019.08.10-07.36.04:288][503]LogModuleManager: Shutting down and abandoning module LiveCoding (438)
[2019.08.10-07.36.04:309][503]LogModuleManager: Shutting down and abandoning module LevelSequence (436)
[2019.08.10-07.36.04:309][503]LogModuleManager: Shutting down and abandoning module MovieSceneTracks (434)
[2019.08.10-07.36.04:309][503]LogModuleManager: Shutting down and abandoning module MovieScene (432)
[2019.08.10-07.36.04:323][503]LogModuleManager: Shutting down and abandoning module StreamingPauseRendering (430)
[2019.08.10-07.36.04:349][503]LogModuleManager: Shutting down and abandoning module LauncherPlatform (428)
[2019.08.10-07.36.04:349][503]LogModuleManager: Shutting down and abandoning module AnalyticsET (426)
[2019.08.10-07.36.04:349][503]LogModuleManager: Shutting down and abandoning module PortalServices (424)
[2019.08.10-07.36.04:349][503]LogModuleManager: Shutting down and abandoning module PortalRpc (422)
[2019.08.10-07.36.04:349][503]LogModuleManager: Shutting down and abandoning module MessagingRpc (420)
[2019.08.10-07.36.04:349][503]LogModuleManager: Shutting down and abandoning module AIModule (418)
[2019.08.10-07.36.04:401][503]LogModuleManager: Shutting down and abandoning module GameplayDebugger (417)
[2019.08.10-07.36.04:459][503]LogModuleManager: Shutting down and abandoning module AITestSuite (415)
[2019.08.10-07.36.04:479][503]LogModuleManager: Shutting down and abandoning module NavigationSystem (413)
[2019.08.10-07.36.04:479][503]LogModuleManager: Shutting down and abandoning module DesktopPlatform (410)
[2019.08.10-07.36.04:479][503]LogModuleManager: Shutting down and abandoning module ImageWriteQueue (408)
[2019.08.10-07.36.04:481][503]LogModuleManager: Shutting down and abandoning module ProfilerService (406)
[2019.08.10-07.36.04:657][503]LogModuleManager: Shutting down and abandoning module TaskGraph (404)
[2019.08.10-07.36.04:751][503]LogModuleManager: Shutting down and abandoning module SteamVRController (402)
[2019.08.10-07.36.04:751][503]LogModuleManager: Shutting down and abandoning module ProceduralMeshComponentEditor (400)
[2019.08.10-07.36.04:780][503]LogModuleManager: Shutting down and abandoning module ProceduralMeshComponent (398)
[2019.08.10-07.36.04:795][503]LogModuleManager: Shutting down and abandoning module OculusEditor (396)
[2019.08.10-07.36.04:798][503]LogModuleManager: Shutting down and abandoning module OculusInput (394)
[2019.08.10-07.36.04:798][503]LogModuleManager: Shutting down and abandoning module MobilePatchingUtils (392)
[2019.08.10-07.36.04:798][503]LogModuleManager: Shutting down and abandoning module EditableMesh (390)
[2019.08.10-07.36.04:806][503]LogModuleManager: Shutting down and abandoning module CustomMeshComponent (388)
[2019.08.10-07.36.04:806][503]LogModuleManager: Shutting down and abandoning module CableComponent (386)
[2019.08.10-07.36.04:809][503]LogModuleManager: Shutting down and abandoning module AudioCapture (384)
[2019.08.10-07.36.04:809][503]LogModuleManager: Shutting down and abandoning module ArchVisCharacter (382)
[2019.08.10-07.36.04:809][503]LogModuleManager: Shutting down and abandoning module AndroidPermission (380)
[2019.08.10-07.36.04:809][503]LogModuleManager: Shutting down and abandoning module NUTUnrealEngine4 (378)
[2019.08.10-07.36.04:824][503]LogModuleManager: Shutting down and abandoning module NetcodeUnitTest (376)
[2019.08.10-07.36.04:854][503]LogModuleManager: Shutting down and abandoning module MediaCompositing (374)
[2019.08.10-07.36.04:854][503]LogModuleManager: Shutting down and abandoning module LinearTimecode (372)
[2019.08.10-07.36.04:854][503]LogModuleManager: Shutting down and abandoning module ImgMedia (370)
[2019.08.10-07.36.04:854][503]LogModuleManager: Shutting down and abandoning module MagicLeapHelperVulkan (368)
[2019.08.10-07.36.04:854][503]LogModuleManager: Shutting down and abandoning module MagicLeapHelperOpenGL (366)
[2019.08.10-07.36.04:897][503]LogModuleManager: Shutting down and abandoning module MagicLeapAudio (364)
[2019.08.10-07.36.04:918][503]LogModuleManager: Shutting down and abandoning module HTML5Networking (362)
[2019.08.10-07.36.04:918][503]LogModuleManager: Shutting down and abandoning module GeometryCacheTracks (360)
[2019.08.10-07.36.04:918][503]LogModuleManager: Shutting down and abandoning module GeometryCacheSequencer (358)
[2019.08.10-07.36.04:918][503]LogModuleManager: Shutting down and abandoning module BackChannel (356)
[2019.08.10-07.36.04:956][503]LogModuleManager: Shutting down and abandoning module AppleVision (354)
[2019.08.10-07.36.04:956][503]LogModuleManager: Shutting down and abandoning module AppleImageUtilsBlueprintSupport (352)
[2019.08.10-07.36.04:956][503]LogModuleManager: Shutting down and abandoning module AppleImageUtils (350)
[2019.08.10-07.36.04:956][503]LogModuleManager: Shutting down and abandoning module AlembicImporter (348)
[2019.08.10-07.36.04:956][503]LogModuleManager: Shutting down and abandoning module AlembicLibrary (347)
[2019.08.10-07.36.04:956][503]LogModuleManager: Shutting down and abandoning module GeometryCache (346)
[2019.08.10-07.36.04:956][503]LogModuleManager: Shutting down and abandoning module GeometryCacheEd (345)
[2019.08.10-07.36.04:956][503]LogModuleManager: Shutting down and abandoning module VariantManagerContent (340)
[2019.08.10-07.36.04:956][503]LogModuleManager: Shutting down and abandoning module DatasmithContentEditor (338)
[2019.08.10-07.36.04:968][503]LogModuleManager: Shutting down and abandoning module SpeedTreeImporter (336)
[2019.08.10-07.36.04:968][503]LogModuleManager: Shutting down and abandoning module PluginBrowser (334)
[2019.08.10-07.36.04:982][503]LogModuleManager: Shutting down and abandoning module MobileLauncherProfileWizard (332)
[2019.08.10-07.36.04:993][503]LogModuleManager: Shutting down and abandoning module MaterialAnalyzer (330)
[2019.08.10-07.36.05:007][503]LogModuleManager: Shutting down and abandoning module CryptoKeysOpenSSL (328)
[2019.08.10-07.36.05:007][503]LogModuleManager: Shutting down and abandoning module CryptoKeys (326)
[2019.08.10-07.36.05:007][503]LogModuleManager: Shutting down and abandoning module VisualStudioSourceCodeAccess (324)
[2019.08.10-07.36.05:018][503]LogModuleManager: Shutting down and abandoning module VisualStudioCodeSourceCodeAccess (322)
[2019.08.10-07.36.05:018][503]LogModuleManager: Shutting down and abandoning module UObjectPlugin (320)
[2019.08.10-07.36.05:018][503]LogModuleManager: Shutting down and abandoning module SubversionSourceControl (318)
[2019.08.10-07.36.05:025][503]LogModuleManager: Shutting down and abandoning module PerforceSourceControl (316)
[2019.08.10-07.36.05:038][503]LogModuleManager: Shutting down and abandoning module GitSourceControl (314)
[2019.08.10-07.36.05:052][503]LogModuleManager: Shutting down and abandoning module SourceControl (313)
[2019.08.10-07.36.05:062][503]LogModuleManager: Shutting down and abandoning module CLionSourceCodeAccess (310)
[2019.08.10-07.36.05:062][503]LogModuleManager: Shutting down and abandoning module AnimationSharingEd (308)
[2019.08.10-07.36.05:062][503]LogModuleManager: Shutting down and abandoning module ActorLayerUtilitiesEditor (306)
[2019.08.10-07.36.05:062][503]LogModuleManager: Shutting down and abandoning module ActorLayerUtilities (304)
[2019.08.10-07.36.05:062][503]LogModuleManager: Shutting down and abandoning module LightPropagationVolumeEditor (302)
[2019.08.10-07.36.05:062][503]LogModuleManager: Shutting down and abandoning module PaperTiledImporter (300)
[2019.08.10-07.36.05:062][503]LogModuleManager: Shutting down and abandoning module PaperSpriteSheetImporter (298)
[2019.08.10-07.36.05:062][503]LogModuleManager: Shutting down and abandoning module Paper2DEditor (296)
[2019.08.10-07.36.05:079][503]LogModuleManager: Shutting down and abandoning module SignificanceManager (294)
[2019.08.10-07.36.05:079][503]LogModuleManager: Shutting down and abandoning module RuntimePhysXCooking (292)
[2019.08.10-07.36.05:079][503]LogModuleManager: Shutting down and abandoning module PhysXVehiclesEditor (290)
[2019.08.10-07.36.05:079][503]LogModuleManager: Shutting down and abandoning module PhysXVehicles (288)
[2019.08.10-07.36.05:079][503]LogModuleManager: Shutting down and abandoning module LocationServicesBPLibrary (286)
[2019.08.10-07.36.05:079][503]LogModuleManager: Shutting down and abandoning module ActorSequence (284)
[2019.08.10-07.36.05:079][503]LogModuleManager: Shutting down and abandoning module UdpMessaging (282)
[2019.08.10-07.36.05:180][503]LogModuleManager: Shutting down and abandoning module TcpMessaging (280)
[2019.08.10-07.36.05:332][503]LogModuleManager: Shutting down and abandoning module MagicLeapIdentity (278)
[2019.08.10-07.36.05:332][503]LogModuleManager: Shutting down and abandoning module MagicLeapSecureStorage (276)
[2019.08.10-07.36.05:332][503]LogModuleManager: Shutting down and abandoning module MagicLeapHandTracking (274)
[2019.08.10-07.36.05:338][503]LogModuleManager: Shutting down and abandoning module MagicLeapEyeTracker (272)
[2019.08.10-07.36.05:338][503]LogModuleManager: Shutting down and abandoning module MagicLeapController (270)
[2019.08.10-07.36.05:347][503]LogSlate: Slate User Destroyed.  User Index 0, Is Virtual User: 0
[2019.08.10-07.36.05:347][503]LogModuleManager: Shutting down and abandoning module MagicLeapAR (268)
[2019.08.10-07.36.05:347][503]LogModuleManager: Shutting down and abandoning module AugmentedReality (267)
[2019.08.10-07.36.05:347][503]LogModuleManager: Shutting down and abandoning module GameplayTagsEditor (264)
[2019.08.10-07.36.05:353][503]LogModuleManager: Shutting down and abandoning module FacialAnimationEditor (262)
[2019.08.10-07.36.05:353][503]LogModuleManager: Shutting down and abandoning module FacialAnimation (260)
[2019.08.10-07.36.05:353][503]LogModuleManager: Shutting down and abandoning module DataValidation (258)
[2019.08.10-07.36.05:353][503]LogModuleManager: Shutting down and abandoning module AssetManagerEditor (256)
[2019.08.10-07.36.05:370][503]LogModuleManager: Shutting down and abandoning module LevelEditor (255)
[2019.08.10-07.36.05:450][503]LogModuleManager: Shutting down and abandoning module PixelInspectorModule (254)
[2019.08.10-07.36.05:464][503]LogModuleManager: Shutting down and abandoning module CommonMenuExtensions (252)
[2019.08.10-07.36.05:465][503]LogModuleManager: Shutting down and abandoning module MainFrame (250)
[2019.08.10-07.36.05:465][503]LogModuleManager: Shutting down and abandoning module HotReload (249)
[2019.08.10-07.36.05:590][503]LogModuleManager: Shutting down and abandoning module ContentBrowser (245)
[2019.08.10-07.36.05:591][503]LogModuleManager: Shutting down and abandoning module TreeMap (243)
[2019.08.10-07.36.05:610][503]LogModuleManager: Shutting down and abandoning module AnimationSharing (240)
[2019.08.10-07.36.05:610][503]LogModuleManager: Shutting down and abandoning module LightPropagationVolumeRuntime (238)
[2019.08.10-07.36.05:610][503]LogModuleManager: Shutting down and abandoning module AISupportModule (236)
[2019.08.10-07.36.05:610][503]LogModuleManager: Shutting down and abandoning module Paper2D (234)
[2019.08.10-07.36.05:624][503]LogModuleManager: Shutting down and abandoning module WindowsMoviePlayer (232)
[2019.08.10-07.36.05:638][503]LogModuleManager: Shutting down and abandoning module WebMMoviePlayer (230)
[2019.08.10-07.36.05:679][503]LogModuleManager: Shutting down and abandoning module PacketHandler (228)
[2019.08.10-07.36.05:679][503]LogModuleManager: Shutting down and abandoning module ClothingSystemEditor (226)
[2019.08.10-07.36.05:679][503]LogModuleManager: Shutting down and abandoning module ClothingSystemRuntime (224)
[2019.08.10-07.36.05:719][503]LogModuleManager: Shutting down and abandoning module MediaAssets (222)
[2019.08.10-07.36.05:719][503]LogModuleManager: Shutting down and abandoning module Overlay (220)
[2019.08.10-07.36.05:719][503]LogModuleManager: Shutting down and abandoning module OverlayEditor (219)
[2019.08.10-07.36.05:719][503]LogModuleManager: Shutting down and abandoning module VREditor (216)
[2019.08.10-07.36.05:759][503]LogModuleManager: Shutting down and abandoning module StringTableEditor (214)
[2019.08.10-07.36.05:784][503]LogModuleManager: Shutting down and abandoning module GameplayTasksEditor (212)
[2019.08.10-07.36.05:784][503]LogModuleManager: Shutting down and abandoning module BehaviorTreeEditor (210)
[2019.08.10-07.36.05:817][503]LogModuleManager: Shutting down and abandoning module FunctionalTesting (208)
[2019.08.10-07.36.05:831][503]LogModuleManager: Shutting down and abandoning module CollisionAnalyzer (206)
[2019.08.10-07.36.05:857][503]LogModuleManager: Shutting down and abandoning module WorkspaceMenuStructure (205)
[2019.08.10-07.36.05:877][503]LogModuleManager: Shutting down and abandoning module UMG (202)
[2019.08.10-07.36.05:922][503]LogModuleManager: Shutting down and abandoning module UMGEditor (201)
[2019.08.10-07.36.05:981][503]LogModuleManager: Shutting down and abandoning module Sequencer (200)
[2019.08.10-07.36.06:038][503]LogModuleManager: Shutting down and abandoning module MessageLog (197)
[2019.08.10-07.36.06:038][503]LogModuleManager: Shutting down and abandoning module SlateReflector (192)
[2019.08.10-07.36.06:072][503]LogModuleManager: Shutting down and abandoning module Slate (190)
[2019.08.10-07.36.06:072][503]LogModuleManager: Shutting down and abandoning module EditorStyle (188)
[2019.08.10-07.36.06:092][503]LogModuleManager: Shutting down and abandoning module UnrealEd (186)
[2019.08.10-07.36.06:108][503]LogModuleManager: Shutting down and abandoning module MRMesh (184)
[2019.08.10-07.36.06:108][503]LogModuleManager: Shutting down and abandoning module SourceCodeAccess (182)
[2019.08.10-07.36.06:108][503]LogModuleManager: Shutting down and abandoning module HeadMountedDisplay (180)
[2019.08.10-07.36.06:108][503]LogModuleManager: Shutting down and abandoning module XAudio2 (178)
[2019.08.10-07.36.06:108][503]LogModuleManager: Shutting down and abandoning module Networking (176)
[2019.08.10-07.36.06:108][503]LogModuleManager: Shutting down and abandoning module Core (174)
[2019.08.10-07.36.06:108][503]LogModuleManager: Shutting down and abandoning module KismetCompiler (172)
[2019.08.10-07.36.06:108][503]LogModuleManager: Shutting down and abandoning module MeshUtilities (170)
[2019.08.10-07.36.06:108][503]LogModuleManager: Shutting down and abandoning module MeshMergeUtilities (169)
[2019.08.10-07.36.06:118][503]LogModuleManager: Shutting down and abandoning module MeshReductionInterface (168)
[2019.08.10-07.36.06:118][503]LogModuleManager: Shutting down and abandoning module SkeletalMeshReduction (167)
[2019.08.10-07.36.06:162][503]LogModuleManager: Shutting down and abandoning module ProxyLODMeshReduction (165)
[2019.08.10-07.36.06:181][503]LogModuleManager: Shutting down and abandoning module QuadricMeshReduction (163)
[2019.08.10-07.36.06:208][503]LogModuleManager: Shutting down and abandoning module MaterialBaking (159)
[2019.08.10-07.36.06:214][503]LogModuleManager: Shutting down and abandoning module DerivedDataCache (154)
[2019.08.10-07.36.06:252][503]LogDerivedDataCache: Shutdown
[2019.08.10-07.36.06:252][503]LogModuleManager: Shutting down and abandoning module XGEController (152)
